Mon, 21 May 2018 19:07:02 root         INFO     National Gallery
Mon, 21 May 2018 19:07:03 root         ERROR    Data base (dest) error on page 1: sitelink
Traceback (most recent call last):
  File "<ipython-input-25-a68960038121>", line 13, in <module>
    conn = pg2.connect(host="tourlondon.cd6otpnh2nbb.us-east-2.rds.amazonaws.com",database="london", user="zty", password="54321zty",connect_timeout=10)
NameError: name 'pg2' is not defined
Mon, 21 May 2018 19:07:03 root         INFO     British Museum
Mon, 21 May 2018 19:07:03 root         ERROR    Data base (dest) error on page 2: sitelink
Traceback (most recent call last):
  File "<ipython-input-25-a68960038121>", line 13, in <module>
    conn = pg2.connect(host="tourlondon.cd6otpnh2nbb.us-east-2.rds.amazonaws.com",database="london", user="zty", password="54321zty",connect_timeout=10)
NameError: name 'pg2' is not defined
Mon, 21 May 2018 19:07:48 root         INFO     National Gallery
Mon, 21 May 2018 19:07:49 root         INFO     British Museum
Mon, 21 May 2018 20:51:11 root         INFO     National Gallery
Mon, 21 May 2018 20:51:19 root         INFO     National Gallery
Mon, 21 May 2018 20:51:37 root         INFO     National Gallery
Mon, 21 May 2018 20:55:33 root         ERROR    Data base (dest) error on page 0: sitelink
Traceback (most recent call last):
  File "<ipython-input-61-2b2e825984b0>", line 34, in <module>
    cur.execute(sql, (attraction, hrs, duration, desc))
ProgrammingError: column "a" of relation "a1" does not exist
LINE 1: INSERT INTO a1(a, hr, du, de) VALUES('National Gallery', 'Cl...
                       ^

Mon, 21 May 2018 20:55:33 root         ERROR    Data base (dest) error on page 0: sitelink
Traceback (most recent call last):
  File "<ipython-input-61-2b2e825984b0>", line 34, in <module>
    cur.execute(sql, (attraction, hrs, duration, desc))
ProgrammingError: column "a" of relation "a1" does not exist
LINE 1: INSERT INTO a1(a, hr, du, de) VALUES('National Gallery', 'Cl...
                       ^

Mon, 21 May 2018 20:56:21 root         ERROR    Fail to requestion: National Gallery, page: 0
Traceback (most recent call last):
  File "<ipython-input-62-a3157ff91772>", line 4, in <module>
    attraction = missd.iloc[i].sitelink.attraction
AttributeError: 'str' object has no attribute 'attraction'
Mon, 21 May 2018 20:56:21 root         ERROR    Data base (dest) error on page 0: sitelink
Traceback (most recent call last):
  File "<ipython-input-62-a3157ff91772>", line 34, in <module>
    cur.execute(sql, (attraction, hrs, duration, desc))
ProgrammingError: column "a" of relation "a1" does not exist
LINE 1: INSERT INTO a1(a, hr, du, de) VALUES('National Gallery', 'Cl...
                       ^

Mon, 21 May 2018 20:56:21 root         ERROR    Fail to requestion: National Gallery, page: 0
Traceback (most recent call last):
  File "<ipython-input-62-a3157ff91772>", line 4, in <module>
    attraction = missd.iloc[i].sitelink.attraction
AttributeError: 'str' object has no attribute 'attraction'
Mon, 21 May 2018 20:56:21 root         ERROR    Data base (dest) error on page 0: sitelink
Traceback (most recent call last):
  File "<ipython-input-62-a3157ff91772>", line 34, in <module>
    cur.execute(sql, (attraction, hrs, duration, desc))
ProgrammingError: column "a" of relation "a1" does not exist
LINE 1: INSERT INTO a1(a, hr, du, de) VALUES('National Gallery', 'Cl...
                       ^

Mon, 21 May 2018 20:57:14 root         ERROR    Fail to requestion: National Gallery, page: 0
Traceback (most recent call last):
  File "<ipython-input-64-a3157ff91772>", line 4, in <module>
    attraction = missd.iloc[i].sitelink.attraction
AttributeError: 'str' object has no attribute 'attraction'
Mon, 21 May 2018 20:57:14 root         ERROR    Data base (dest) error on page 0: sitelink
Traceback (most recent call last):
  File "<ipython-input-64-a3157ff91772>", line 34, in <module>
    cur.execute(sql, (attraction, hrs, duration, desc))
ProgrammingError: column "a" of relation "a1" does not exist
LINE 1: INSERT INTO a1(a, hr, du, de) VALUES('National Gallery', 'Cl...
                       ^

Mon, 21 May 2018 20:57:14 root         ERROR    Fail to requestion: National Gallery, page: 0
Traceback (most recent call last):
  File "<ipython-input-64-a3157ff91772>", line 4, in <module>
    attraction = missd.iloc[i].sitelink.attraction
AttributeError: 'str' object has no attribute 'attraction'
Mon, 21 May 2018 20:57:14 root         ERROR    Data base (dest) error on page 0: sitelink
Traceback (most recent call last):
  File "<ipython-input-64-a3157ff91772>", line 34, in <module>
    cur.execute(sql, (attraction, hrs, duration, desc))
ProgrammingError: column "a" of relation "a1" does not exist
LINE 1: INSERT INTO a1(a, hr, du, de) VALUES('National Gallery', 'Cl...
                       ^

Mon, 21 May 2018 20:57:22 root         ERROR    Fail to requestion: National Gallery, page: 0
Traceback (most recent call last):
  File "<ipython-input-65-a3157ff91772>", line 4, in <module>
    attraction = missd.iloc[i].sitelink.attraction
AttributeError: 'str' object has no attribute 'attraction'
Mon, 21 May 2018 20:57:22 root         ERROR    Data base (dest) error on page 0: sitelink
Traceback (most recent call last):
  File "<ipython-input-65-a3157ff91772>", line 34, in <module>
    cur.execute(sql, (attraction, hrs, duration, desc))
ProgrammingError: column "a" of relation "a1" does not exist
LINE 1: INSERT INTO a1(a, hr, du, de) VALUES('National Gallery', 'Cl...
                       ^

Mon, 21 May 2018 20:57:22 root         ERROR    Fail to requestion: National Gallery, page: 0
Traceback (most recent call last):
  File "<ipython-input-65-a3157ff91772>", line 4, in <module>
    attraction = missd.iloc[i].sitelink.attraction
AttributeError: 'str' object has no attribute 'attraction'
Mon, 21 May 2018 20:57:22 root         ERROR    Data base (dest) error on page 0: sitelink
Traceback (most recent call last):
  File "<ipython-input-65-a3157ff91772>", line 34, in <module>
    cur.execute(sql, (attraction, hrs, duration, desc))
ProgrammingError: column "a" of relation "a1" does not exist
LINE 1: INSERT INTO a1(a, hr, du, de) VALUES('National Gallery', 'Cl...
                       ^

Mon, 21 May 2018 20:57:58 root         INFO     National Gallery
Mon, 21 May 2018 20:57:58 root         ERROR    Fail to requestion: National Gallery, page: 0
Traceback (most recent call last):
  File "<ipython-input-66-650e7ae7d83c>", line 8, in <module>
    timeout=5)
TypeError: get() got an unexpected keyword argument 'timeout'
Mon, 21 May 2018 20:57:58 root         ERROR    Data base (dest) error on page 0: sitelink
Traceback (most recent call last):
  File "<ipython-input-66-650e7ae7d83c>", line 34, in <module>
    cur.execute(sql, (attraction, hrs, duration, desc))
ProgrammingError: column "a" of relation "a1" does not exist
LINE 1: INSERT INTO a1(a, hr, du, de) VALUES('National Gallery', 'Cl...
                       ^

Mon, 21 May 2018 20:57:58 root         INFO     Churchill War Rooms
Mon, 21 May 2018 20:57:58 root         ERROR    Fail to requestion: Churchill War Rooms, page: 0
Traceback (most recent call last):
  File "<ipython-input-66-650e7ae7d83c>", line 8, in <module>
    timeout=5)
TypeError: get() got an unexpected keyword argument 'timeout'
Mon, 21 May 2018 20:57:58 root         ERROR    Data base (dest) error on page 0: sitelink
Traceback (most recent call last):
  File "<ipython-input-66-650e7ae7d83c>", line 34, in <module>
    cur.execute(sql, (attraction, hrs, duration, desc))
ProgrammingError: column "a" of relation "a1" does not exist
LINE 1: INSERT INTO a1(a, hr, du, de) VALUES('Churchill War Rooms', ...
                       ^

Mon, 21 May 2018 20:59:03 root         INFO     National Gallery
Mon, 21 May 2018 20:59:06 root         ERROR    Data base (dest) error on page 1: sitelink
Traceback (most recent call last):
  File "<ipython-input-67-586d6378139d>", line 33, in <module>
    cur.execute(sql, (attraction, hrs, duration, desc))
ProgrammingError: column "a" of relation "a1" does not exist
LINE 1: INSERT INTO a1(a, hr, du, de) VALUES('National Gallery', 'Cl...
                       ^

Mon, 21 May 2018 20:59:06 root         INFO     Churchill War Rooms
Mon, 21 May 2018 20:59:09 root         ERROR    Data base (dest) error on page 2: sitelink
Traceback (most recent call last):
  File "<ipython-input-67-586d6378139d>", line 33, in <module>
    cur.execute(sql, (attraction, hrs, duration, desc))
ProgrammingError: column "a" of relation "a1" does not exist
LINE 1: INSERT INTO a1(a, hr, du, de) VALUES('Churchill War Rooms', ...
                       ^

Mon, 21 May 2018 21:00:23 root         INFO     National Gallery
Mon, 21 May 2018 21:00:27 root         INFO     Churchill War Rooms
Mon, 21 May 2018 21:04:09 root         INFO     National Gallery
Mon, 21 May 2018 21:04:13 root         INFO     Churchill War Rooms
Mon, 21 May 2018 21:04:16 root         INFO     Houses of Parliament
Mon, 21 May 2018 21:04:19 root         INFO     Tower of London
Mon, 21 May 2018 21:04:22 root         INFO     Westminster Abbey
Mon, 21 May 2018 21:04:25 root         INFO     Sky Garden
Mon, 21 May 2018 21:04:27 root         INFO     Buckingham Palace
Mon, 21 May 2018 21:04:30 root         INFO     Camden Market
Mon, 21 May 2018 21:04:32 root         INFO     Big Ben
Mon, 21 May 2018 21:04:35 root         INFO     London Underground
Mon, 21 May 2018 21:04:38 root         INFO     London Buses
Mon, 21 May 2018 21:04:40 root         INFO     Brick Lane Music Hall
Mon, 21 May 2018 21:04:43 root         INFO     School Of Rock The Musical
Mon, 21 May 2018 21:04:45 root         INFO     Up at The O2
Mon, 21 May 2018 21:04:47 root         INFO     The All England Lawn Tennis Club
Mon, 21 May 2018 21:04:50 root         INFO     Regent's Park
Mon, 21 May 2018 21:04:52 root         INFO     Two Temple Place
Mon, 21 May 2018 21:04:54 root         INFO     Abraham Lincoln: The Man
Mon, 21 May 2018 21:04:56 root         INFO     Hampstead Heath
Mon, 21 May 2018 21:04:58 root         INFO     Sipsmith Distillery
Mon, 21 May 2018 21:05:01 root         INFO     The Magic Circle
Mon, 21 May 2018 21:05:05 root         INFO     Greenwich Park
Mon, 21 May 2018 21:05:08 root         INFO     Gods Own Junkyard
Mon, 21 May 2018 21:05:12 root         INFO     Westminster
Mon, 21 May 2018 21:05:15 root         INFO     Wimbledon Lawn Tennis Museum
Mon, 21 May 2018 21:05:19 root         INFO     Arsenal Stadium Tours & Museum
Mon, 21 May 2018 21:05:22 root         INFO     Madame Tussauds London
Mon, 21 May 2018 21:05:26 root         INFO     Holland Park
Mon, 21 May 2018 21:05:30 root         INFO     Primrose Hill
Mon, 21 May 2018 21:05:34 root         INFO     Freemasons' Hall
Mon, 21 May 2018 21:05:38 root         INFO     Emirates Stadium
Mon, 21 May 2018 21:05:42 root         INFO     St. Dunstan in the East
Mon, 21 May 2018 21:05:46 root         INFO     Abbey Mills Pumping Station
Mon, 21 May 2018 21:05:49 root         INFO     Chelsea Physic Garden
Mon, 21 May 2018 21:05:54 root         INFO     Battersea Park
Mon, 21 May 2018 21:05:57 root         INFO     The Minema
Mon, 21 May 2018 21:06:00 root         INFO     Hampstead
Mon, 21 May 2018 21:06:04 root         INFO     Noel Coward Theatre
Mon, 21 May 2018 21:06:08 root         INFO     Grant Museum of Zoology
Mon, 21 May 2018 21:06:12 root         INFO     City of London Cemetery and Crematorium
Mon, 21 May 2018 21:06:15 root         INFO     Maltby Street Market
Mon, 21 May 2018 21:06:19 root         INFO     Temple Church
Mon, 21 May 2018 21:06:23 root         INFO     Pop Brixton
Mon, 21 May 2018 21:06:27 root         INFO     Guildhall Art Gallery
Mon, 21 May 2018 21:06:31 root         INFO     Royal Court Theatre
Mon, 21 May 2018 21:06:34 root         INFO     Novello Theatre
Mon, 21 May 2018 21:06:38 root         INFO     Kyoto Garden
Mon, 21 May 2018 21:06:42 root         INFO     The Queen's Walk
Mon, 21 May 2018 21:06:47 root         INFO     Apollo Theatre
Mon, 21 May 2018 21:06:51 root         INFO     Old Operating Theatre
Mon, 21 May 2018 21:06:55 root         INFO     Regent's Park Open Air Theatre
Mon, 21 May 2018 21:06:59 root         INFO     Prince Edward Theatre
Mon, 21 May 2018 21:07:04 root         INFO     Graffik Gallery
Mon, 21 May 2018 21:07:08 root         INFO     Church of St. Bartholomew the Great
Mon, 21 May 2018 21:07:12 root         INFO     Lyceum Theatre
Mon, 21 May 2018 21:07:16 root         INFO     Postman's Park
Mon, 21 May 2018 21:07:19 root         INFO     Guildhall
Mon, 21 May 2018 21:07:23 root         INFO     London Mithraeum
Mon, 21 May 2018 21:07:27 root         INFO     Broadway Market
Mon, 21 May 2018 21:07:30 root         INFO     Petrie Museum of Egyptian Archaeology
Mon, 21 May 2018 21:07:34 root         INFO     St George’s Church
Mon, 21 May 2018 21:07:38 root         INFO     Wimbledon
Mon, 21 May 2018 21:07:41 root         INFO     Royal Courts of Justice
Mon, 21 May 2018 21:07:45 root         INFO     West End
Mon, 21 May 2018 21:07:48 root         INFO     Thames River
Mon, 21 May 2018 21:07:53 root         INFO     The UK Supreme Court
Mon, 21 May 2018 21:07:56 root         INFO     Southwark Cathedral
Mon, 21 May 2018 21:08:00 root         INFO     The Fan Museum
Mon, 21 May 2018 21:08:03 root         INFO     18 Stafford Terrace - The Sambourne Family Home
Mon, 21 May 2018 21:08:07 root         INFO     Saatchi Gallery
Mon, 21 May 2018 21:08:11 root         INFO     Brompton Cemetery
Mon, 21 May 2018 21:08:15 root         INFO     Gielgud Theatre
Mon, 21 May 2018 21:08:19 root         INFO     Italian Gardens
Mon, 21 May 2018 21:08:23 root         INFO     The Museum of the Order of St John
Mon, 21 May 2018 21:08:27 root         INFO     Regent Street
Mon, 21 May 2018 21:08:31 root         INFO     Camden Locks Canalside
Mon, 21 May 2018 21:08:34 root         INFO     Crossrail Place Roof Garden
Mon, 21 May 2018 21:08:38 root         INFO     Eltham Palace and Gardens
Mon, 21 May 2018 21:08:42 root         INFO     Vauxhall Bridge
Mon, 21 May 2018 21:08:46 root         INFO     Victoria Palace Theatre
Mon, 21 May 2018 21:08:50 root         INFO     London Coliseum
Mon, 21 May 2018 21:08:54 root         INFO     Savoy Theatre
Mon, 21 May 2018 21:08:57 root         INFO     Royal Academy of Arts
Mon, 21 May 2018 21:09:02 root         INFO     Cutty Sark
Mon, 21 May 2018 21:09:06 root         INFO     Apollo Victoria Theatre
Mon, 21 May 2018 21:09:10 root         INFO     Dulwich Picture Gallery
Mon, 21 May 2018 21:09:14 root         INFO     Regent's Canal
Mon, 21 May 2018 21:09:17 root         INFO     St. Christopher's Place
Mon, 21 May 2018 21:09:21 root         INFO     Newport Street Gallery
Mon, 21 May 2018 21:09:25 root         INFO     Duke of York's Theatre
Mon, 21 May 2018 21:09:29 root         INFO     Criterion Theatre
Mon, 21 May 2018 21:09:33 root         INFO     Lego Shop
Mon, 21 May 2018 21:09:37 root         INFO     Brick Lane Market
Mon, 21 May 2018 21:09:40 root         INFO     Soho
Mon, 21 May 2018 21:09:44 root         INFO     Victoria Embankment Gardens
Mon, 21 May 2018 21:09:48 root         INFO     Leake Street Tunnel
Mon, 21 May 2018 21:09:52 root         INFO     Menier Chocolate Factory
Mon, 21 May 2018 21:09:56 root         INFO     ArcelorMittal Orbit
Mon, 21 May 2018 21:09:59 root         INFO     Tardis Police Box
Mon, 21 May 2018 21:10:03 root         INFO     30 St Mary Axe (The Gherkin)
Mon, 21 May 2018 21:10:06 root         INFO     Battle of Britain Monument
Mon, 21 May 2018 21:10:09 root         INFO     Canary Wharf
Mon, 21 May 2018 21:10:13 root         INFO     Urban Food Fest
Mon, 21 May 2018 21:10:17 root         INFO     St. Martins Theatre
Mon, 21 May 2018 21:10:20 root         INFO     Westminster Bridge
Mon, 21 May 2018 21:10:24 root         INFO     Queen Mary's Gardens
Mon, 21 May 2018 21:10:28 root         INFO     Green Park
Mon, 21 May 2018 21:10:32 root         INFO     Victoria Embankment
Mon, 21 May 2018 21:10:36 root         INFO     Harold Pinter Theatre
Mon, 21 May 2018 21:10:41 root         INFO     Severndroog Castle
Mon, 21 May 2018 21:10:45 root         INFO     Piccadilly Theatre
Mon, 21 May 2018 21:10:49 root         INFO     Shaftsbury Theatre
Mon, 21 May 2018 21:10:52 root         INFO     The Mall
Mon, 21 May 2018 21:10:55 root         INFO     One New Change
Mon, 21 May 2018 21:10:57 root         INFO     Horniman Museum and Gardens
Mon, 21 May 2018 21:11:00 root         INFO     Cenotaph
Mon, 21 May 2018 21:11:03 root         INFO     Queen Victoria Memorial
Mon, 21 May 2018 21:11:05 root         INFO     Southwark
Mon, 21 May 2018 21:11:07 root         INFO     Palace Theatre
Mon, 21 May 2018 21:11:10 root         INFO     Westfield London
Mon, 21 May 2018 21:11:12 root         INFO     BFI Southbank
Mon, 21 May 2018 21:11:15 root         INFO     Whitehall
Mon, 21 May 2018 21:11:17 root         INFO     The Burghers of Calais Statue
Mon, 21 May 2018 21:11:20 root         INFO     Parliament Square
Mon, 21 May 2018 21:11:22 root         INFO     Royal Observatory Greenwich
Mon, 21 May 2018 21:11:25 root         INFO     RHS Chelsea Flower Show
Mon, 21 May 2018 21:11:28 root         INFO     Inns of Court
Mon, 21 May 2018 21:11:30 root         INFO     King's Cross Station
Mon, 21 May 2018 21:11:33 root         INFO     Beefeater Gin Distillery
Mon, 21 May 2018 21:11:35 root         INFO     Animals in War Memorial
Mon, 21 May 2018 21:11:39 root         INFO     Carlyle's House
Mon, 21 May 2018 21:11:42 root         INFO     Piccadilly Circus
Mon, 21 May 2018 21:11:44 root         INFO     Burlington Arcade
Mon, 21 May 2018 21:11:46 root         INFO     Leicester Square
Mon, 21 May 2018 21:11:48 root         INFO     Granary Square
Mon, 21 May 2018 21:11:52 root         INFO     Carnaby Street
Mon, 21 May 2018 21:11:55 root         INFO     Crystal Palace Park
Mon, 21 May 2018 21:11:57 root         INFO     Boleyn Ground
Mon, 21 May 2018 21:11:59 root         INFO     Guards Museum
Mon, 21 May 2018 21:12:02 root         INFO     Kensington
Mon, 21 May 2018 21:12:04 root         INFO     Marylebone
Mon, 21 May 2018 21:12:07 root         INFO     King's Cross Theatre
Mon, 21 May 2018 21:12:09 root         INFO     Cardinal Place
Mon, 21 May 2018 21:12:11 root         INFO     Peter Harrison Planetarium
Mon, 21 May 2018 21:12:14 root         INFO     Horse Guards Building
Mon, 21 May 2018 21:12:16 root         INFO     Hippodrome Casino
Mon, 21 May 2018 21:12:20 root         INFO     Dennis Severs' House
Mon, 21 May 2018 21:12:21 root         INFO     The New Wimbledon Theatre
Mon, 21 May 2018 21:12:24 root         INFO     The London Oratory
Mon, 21 May 2018 21:12:26 root         INFO     West Ham United FC
Mon, 21 May 2018 21:12:28 root         INFO     Virgin Money London Marathon
Mon, 21 May 2018 21:12:30 root         INFO     The London Silver Vaults
Mon, 21 May 2018 21:12:32 root         INFO     Handel & Hendrix in London
Mon, 21 May 2018 21:12:35 root         INFO     Queen Elizabeth Olympic Park
Mon, 21 May 2018 21:12:38 root         INFO     Hay's Galleria
Mon, 21 May 2018 21:12:41 root         INFO     Alice's Adventures Underground
Mon, 21 May 2018 21:12:43 root         INFO     Haymarket Theatre Royal
Mon, 21 May 2018 21:12:45 root         INFO     London Transport Museum
Mon, 21 May 2018 21:12:48 root         INFO     Clink Prison Museum
Mon, 21 May 2018 21:12:50 root         INFO     St. Paul's Church (The Actors' Church)
Mon, 21 May 2018 21:12:55 root         INFO     Library and Museum of Freemasonry
Mon, 21 May 2018 21:12:58 root         INFO     Albert Bridge
Mon, 21 May 2018 21:13:01 root         INFO     Diana Princess of Wales Memorial Fountain
Mon, 21 May 2018 21:13:04 root         INFO     Winston Churchill Statue
Mon, 21 May 2018 21:13:08 root         INFO     Stamford Bridge
Mon, 21 May 2018 21:13:12 root         INFO     Westfield Stratford City
Mon, 21 May 2018 21:13:15 root         INFO     St. James's Church
Mon, 21 May 2018 21:13:19 root         INFO     Fenton House
Mon, 21 May 2018 21:13:22 root         INFO     Middle Temple Hall
Mon, 21 May 2018 21:13:25 root         INFO     Paddington Station
Mon, 21 May 2018 21:13:29 root         INFO     St Helen's Bishopsgate Church
Mon, 21 May 2018 21:13:32 root         INFO     Greenwich Foot Tunnel
Mon, 21 May 2018 21:13:36 root         INFO     Peter Pan Statue
Mon, 21 May 2018 21:13:40 root         INFO     Lyric Hammersmith
Mon, 21 May 2018 21:13:43 root         INFO     Southbank Centre Food Markets
Mon, 21 May 2018 21:13:47 root         INFO     Wimbledon Common
Mon, 21 May 2018 21:13:51 root         INFO     Jack the Ripper Museum
Mon, 21 May 2018 21:13:55 root         INFO     James Freeman Gallery
Mon, 21 May 2018 21:13:58 root         INFO     Golden Jubilee Bridges
Mon, 21 May 2018 21:14:02 root         INFO     Kensington High Street
Mon, 21 May 2018 21:14:06 root         INFO     St. Clement Danes
Mon, 21 May 2018 21:14:09 root         INFO     Queen Elizabeth II Great Court
Mon, 21 May 2018 21:14:13 root         INFO     Golders Hill Park
Mon, 21 May 2018 21:14:17 root         INFO     Young Vic
Mon, 21 May 2018 21:14:20 root         INFO     Jubilee Gardens
Mon, 21 May 2018 21:14:24 root         INFO     I Am the Greatest - Muhammad Ali at The O2
Mon, 21 May 2018 21:14:28 root         INFO     Hammersmith Apollo Theatre
Mon, 21 May 2018 21:14:32 root         INFO     Hatton Garden
Mon, 21 May 2018 21:14:35 root         INFO     Chinatown
Mon, 21 May 2018 21:14:40 root         INFO     Theatre Royal Stratford East
Mon, 21 May 2018 21:14:44 root         INFO     Playhouse Theatre
Mon, 21 May 2018 21:14:48 root         INFO     Ambassadors Theatre
Mon, 21 May 2018 21:14:52 root         INFO     The Crystal
Mon, 21 May 2018 21:14:56 root         INFO     The Victoria Tower Gardens
Mon, 21 May 2018 21:14:59 root         INFO     Garden Lodge Queen, Londra
Mon, 21 May 2018 21:15:04 root         INFO     Winter Wonderland
Mon, 21 May 2018 21:15:08 root         INFO     Chiswick House
Mon, 21 May 2018 21:15:12 root         INFO     Old Bailey
Mon, 21 May 2018 21:15:16 root         INFO     Street Feast Dalston Yard
Mon, 21 May 2018 21:15:20 root         INFO     Hampstead Theatre
Mon, 21 May 2018 21:15:25 root         INFO     Marble Arch Theatre
Mon, 21 May 2018 21:15:29 root         INFO     Women of World War II Memorial
Mon, 21 May 2018 21:15:33 root         INFO     The Old Truman Brewery
Mon, 21 May 2018 21:15:36 root         INFO     Donmar Warehouse
Mon, 21 May 2018 21:15:40 root         INFO     Boadicea Monument
Mon, 21 May 2018 21:15:45 root         INFO     Hill Garden & Pergola
Mon, 21 May 2018 21:15:49 root         INFO     Bishop's Park
Mon, 21 May 2018 21:15:54 root         INFO     Royal Festival Hall
Mon, 21 May 2018 21:15:58 root         INFO     Waterloo mainline station
Mon, 21 May 2018 21:16:02 root         INFO     London Bridge
Mon, 21 May 2018 21:16:07 root         INFO     Bankside
Mon, 21 May 2018 21:16:11 root         INFO     English National Ballet Nutcracker
Mon, 21 May 2018 21:16:15 root         INFO     Cleopatra's Needle
Mon, 21 May 2018 21:16:18 root         INFO     BT Tower (The British Telecom Tower)
Mon, 21 May 2018 21:16:22 root         INFO     The Arts Theatre
Mon, 21 May 2018 21:16:25 root         INFO     Howling Hops
Mon, 21 May 2018 21:16:28 root         INFO     Serpentine Boating Lake
Mon, 21 May 2018 21:16:32 root         INFO     Soho Square
Mon, 21 May 2018 21:16:35 root         INFO     Kings Place
Mon, 21 May 2018 21:16:40 root         INFO     Edward Smith Stanley Statue
Mon, 21 May 2018 21:16:44 root         INFO     The Arch Climbing Wall
Mon, 21 May 2018 21:16:48 root         INFO     Charing Cross Road
Mon, 21 May 2018 21:16:51 root         INFO     Lloyds of London
Mon, 21 May 2018 21:16:55 root         INFO     London Central Mosque
Mon, 21 May 2018 21:16:59 root         INFO     King's Head Theatre
Mon, 21 May 2018 21:17:03 root         INFO     Parliament Hill Fields
Mon, 21 May 2018 21:17:07 root         INFO     Clissold Park
Mon, 21 May 2018 21:17:11 root         INFO     ExCeL London
Mon, 21 May 2018 21:17:15 root         INFO     Harvey Nichols
Mon, 21 May 2018 21:17:18 root         INFO     Fleet Street
Mon, 21 May 2018 21:17:22 root         INFO     Estorick Collection of Modern Italian Art
Mon, 21 May 2018 21:17:26 root         INFO     Kempton Park Racecourse
Mon, 21 May 2018 21:17:29 root         INFO     Photographers' Gallery
Mon, 21 May 2018 21:17:33 root         INFO     Painted Hall
Mon, 21 May 2018 21:17:37 root         INFO     Chiswick House and Gardens
Mon, 21 May 2018 21:17:40 root         INFO     Fortune Theatre
Mon, 21 May 2018 21:17:44 root         INFO     The Other Palace
Mon, 21 May 2018 21:17:47 root         INFO     Old St Pancras Church
Mon, 21 May 2018 21:17:51 root         INFO     Burgh House
Mon, 21 May 2018 21:17:54 root         INFO     Clapham Common
Mon, 21 May 2018 21:17:58 root         INFO     Camden
Mon, 21 May 2018 21:18:01 root         INFO     Deen City Farm
Mon, 21 May 2018 21:18:05 root         INFO     Thames Barrier Park
Mon, 21 May 2018 21:18:09 root         INFO     Sutton House
Mon, 21 May 2018 21:18:13 root         INFO     Ragged School Museum
Mon, 21 May 2018 21:18:17 root         INFO     Lincoln's Inn
Mon, 21 May 2018 21:18:21 root         INFO     Statue of Eros (Anteros)
Mon, 21 May 2018 21:18:26 root         INFO     Whitecross Street Market
Mon, 21 May 2018 21:18:29 root         INFO     East London Mosque & London Muslim Centre
Mon, 21 May 2018 21:18:33 root         INFO     Dulwich Park
Mon, 21 May 2018 21:18:38 root         INFO     London Victoria Station
Mon, 21 May 2018 21:18:42 root         INFO     Grosvenor Square
Mon, 21 May 2018 21:18:46 root         INFO     Australian War Memorial
Mon, 21 May 2018 21:18:50 root         INFO     Adelphi Theatre
Mon, 21 May 2018 21:18:53 root         INFO     Nunhead Cemetery, South London
Mon, 21 May 2018 21:18:58 root         INFO     Krav Maga Self Defence
Mon, 21 May 2018 21:19:01 root         INFO     Paternoster Square
Mon, 21 May 2018 21:19:05 root         INFO     David Bowie Memorial
Mon, 21 May 2018 21:19:10 root         INFO     Discover Greenwich Visitor Centre
Mon, 21 May 2018 21:19:14 root         INFO     Shad Thames
Mon, 21 May 2018 21:19:18 root         INFO     Sunday Up Market
Mon, 21 May 2018 21:19:22 root         INFO     Chelsea
Mon, 21 May 2018 21:19:26 root         INFO     Arcola Theatre
Mon, 21 May 2018 21:19:29 root         INFO     London Transport Museum Depot
Mon, 21 May 2018 21:19:33 root         INFO     Lincoln's Inn Fields
Mon, 21 May 2018 21:19:37 root         INFO     Savile Row
Mon, 21 May 2018 21:19:41 root         INFO     Selhurst Park
Mon, 21 May 2018 21:19:45 root         INFO     Wireless Festival
Mon, 21 May 2018 21:19:49 root         INFO     Crossbones Graveyard
Mon, 21 May 2018 21:19:53 root         INFO     The Thames Barrier
Mon, 21 May 2018 21:19:59 root         INFO     Platform 9 3/4
Mon, 21 May 2018 21:20:04 root         INFO     Bankside Gallery
Mon, 21 May 2018 21:20:08 root         INFO     Abney Park Cemetery
Mon, 21 May 2018 21:20:15 root         INFO     Mansion House of City of London
Mon, 21 May 2018 21:20:20 root         INFO     Millennium Mile
Mon, 21 May 2018 21:20:24 root         INFO     Hammersmith
Mon, 21 May 2018 21:20:27 root         INFO     Traffic Light Tree
Mon, 21 May 2018 21:20:31 root         INFO     HQS Wellington
Mon, 21 May 2018 21:20:35 root         INFO     Lambeth Palace
Mon, 21 May 2018 21:20:38 root         INFO     St. Etheldreda's
Mon, 21 May 2018 21:20:43 root         INFO     Bloomsbury
Mon, 21 May 2018 21:20:46 root         INFO     Strand
Mon, 21 May 2018 21:20:50 root         INFO     The Cinema Museum
Mon, 21 May 2018 21:20:54 root         INFO     Bunhill Fields
Mon, 21 May 2018 21:20:58 root         INFO     Beavertown Brewery
Mon, 21 May 2018 21:21:03 root         INFO     Roman Amphitheatre
Mon, 21 May 2018 21:21:06 root         INFO     Halcyon Gallery
Mon, 21 May 2018 21:21:10 root         INFO     New Zealand Memorial
Mon, 21 May 2018 21:21:14 root         INFO     Little Ben
Mon, 21 May 2018 21:21:20 root         INFO     Trinity Hill Memorial
Mon, 21 May 2018 21:21:24 root         INFO     Cecil Court
Mon, 21 May 2018 21:21:28 root         INFO     575 Wandsworth Road
Mon, 21 May 2018 21:21:32 root         INFO     St Paul's Church
Mon, 21 May 2018 21:21:35 root         INFO     The London Loop
Mon, 21 May 2018 21:21:39 root         INFO     London Wall
Mon, 21 May 2018 21:21:43 root         INFO     Royal London Hospital Museum
Mon, 21 May 2018 21:21:48 root         INFO     Holborn
Mon, 21 May 2018 21:21:53 root         INFO     Jermyn Street Theatre
Mon, 21 May 2018 21:21:56 root         INFO     Kensal Green Cemetery
Mon, 21 May 2018 21:22:00 root         INFO     Waterlow Park
Mon, 21 May 2018 21:22:04 root         INFO     The Design Museum
Mon, 21 May 2018 21:22:08 root         INFO     Woolwich Ferry
Mon, 21 May 2018 21:22:11 root         INFO     St. John's Wood
Mon, 21 May 2018 21:22:15 root         INFO     West Norwood Cemetery
Mon, 21 May 2018 21:22:19 root         INFO     Sherlock Holmes Museum
Mon, 21 May 2018 21:22:22 root         INFO     City of London Police Museum
Mon, 21 May 2018 21:22:27 root         INFO     St Pancras Parish Church
Mon, 21 May 2018 21:22:31 root         INFO     The Who Shop
Mon, 21 May 2018 21:22:34 root         INFO     Everyman Cinemas Screen on the Green
Mon, 21 May 2018 21:22:37 root         INFO     Battersea Power Station
Mon, 21 May 2018 21:22:41 root         INFO     Park Lane
Mon, 21 May 2018 21:22:45 root         INFO     RAF Museum Hendon
Mon, 21 May 2018 21:22:49 root         INFO     St. Magnus The Martyr
Mon, 21 May 2018 21:22:54 root         INFO     Billingsgate Roman Bath House
Mon, 21 May 2018 21:22:58 root         INFO     Angel
Mon, 21 May 2018 21:23:01 root         INFO     Peckham Rye Park
Mon, 21 May 2018 21:23:05 root         INFO     Tricycle Theatre
Mon, 21 May 2018 21:23:08 root         INFO     Royal College of Physicians
Mon, 21 May 2018 21:23:12 root         INFO     Exmouth Market
Mon, 21 May 2018 21:23:15 root         INFO     St. Margarets Church Westminster Abbey
Mon, 21 May 2018 21:23:18 root         INFO     Elizabeth Garrett Anderson Room
Mon, 21 May 2018 21:23:23 root         INFO     Tower 42
Mon, 21 May 2018 21:23:26 root         INFO     Gabriel's Wharf
Mon, 21 May 2018 21:23:30 root         INFO     Shakespeare Monument
Mon, 21 May 2018 21:23:34 root         INFO     Blackheath
Mon, 21 May 2018 21:23:37 root         INFO     Finsbury Park
Mon, 21 May 2018 21:23:41 root         INFO     Paul Smith Sale Shop
Mon, 21 May 2018 21:23:44 root         INFO     Royal Artillery Memorial
Mon, 21 May 2018 21:23:48 root         INFO     The London Pass
Mon, 21 May 2018 21:23:52 root         INFO     Speakers' Corner
Mon, 21 May 2018 21:23:55 root         INFO     Heron Tower
Mon, 21 May 2018 21:23:59 root         INFO     Victoria Station Travel Information Centre
Mon, 21 May 2018 21:24:03 root         INFO     Castle Climbing Centre
Mon, 21 May 2018 21:24:07 root         INFO     The View Tube
Mon, 21 May 2018 21:24:11 root         INFO     Chickenshed Theatre
Mon, 21 May 2018 21:24:14 root         INFO     Buddhapadipa Temple
Mon, 21 May 2018 21:24:18 root         INFO     White Bear Theatre
Mon, 21 May 2018 21:24:21 root         INFO     Victoria Miro Gallery
Mon, 21 May 2018 21:24:25 root         INFO     All Souls Church
Mon, 21 May 2018 21:24:28 root         INFO     St Alfege Church
Mon, 21 May 2018 21:24:32 root         INFO     Inner Temple
Mon, 21 May 2018 21:24:35 root         INFO     Emery Walker Arts & Crafts house
Mon, 21 May 2018 21:24:39 root         INFO     Vestry House Museum
Mon, 21 May 2018 21:24:42 root         INFO     St Mary Abbots Church
Mon, 21 May 2018 21:24:45 root         INFO     Bloomsbury Square
Mon, 21 May 2018 21:24:49 root         INFO     Woolwich Foot Tunnel
Mon, 21 May 2018 21:24:52 root         INFO     Alfies Antiques Market
Mon, 21 May 2018 21:24:56 root         INFO     Tooting Bec Lido
Mon, 21 May 2018 21:25:00 root         INFO     Loftus Road Stadium
Mon, 21 May 2018 21:25:04 root         INFO     Old Compton Street
Mon, 21 May 2018 21:25:07 root         INFO     Greenwich Theatre
Mon, 21 May 2018 21:25:11 root         INFO     Rich Mix
Mon, 21 May 2018 21:25:14 root         INFO     Little Angel Theatre
Mon, 21 May 2018 21:25:18 root         INFO     Berkeley Square
Mon, 21 May 2018 21:25:22 root         INFO     Ealing
Mon, 21 May 2018 21:25:25 root         INFO     St Mary Aldermanbury Garden
Mon, 21 May 2018 21:25:28 root         INFO     Wanstead Park
Mon, 21 May 2018 21:25:32 root         INFO     Hanwell Zoo
Mon, 21 May 2018 21:25:36 root         INFO     Hayward Gallery
Mon, 21 May 2018 21:25:39 root         INFO     Nomadic Community Garden
Mon, 21 May 2018 21:25:44 root         INFO     London Fields Park
Mon, 21 May 2018 21:25:48 root         INFO     Saint Marylebone Parish Church
Mon, 21 May 2018 21:25:52 root         INFO     WIlliam Wallace Memorial
Mon, 21 May 2018 21:25:55 root         INFO     Paddington Waterside
Mon, 21 May 2018 21:25:59 root         INFO     White Cube Gallery
Mon, 21 May 2018 21:26:02 root         INFO     Saint Bartholomew's Hospital Museum
Mon, 21 May 2018 21:26:06 root         INFO     Streatham Common
Mon, 21 May 2018 21:26:09 root         INFO     Still Water Horse Head Statue
Mon, 21 May 2018 21:26:13 root         INFO     The Wild Card Brewery
Mon, 21 May 2018 21:26:16 root         INFO     Christopher Wren's Temple Bar
Mon, 21 May 2018 21:26:20 root         INFO     Buxton Memorial Fountain
Mon, 21 May 2018 21:26:23 root         INFO     Piccadilly Arcade
Mon, 21 May 2018 21:26:26 root         INFO     Festival Pier
Mon, 21 May 2018 21:26:31 root         INFO     Holy Trinity Brompton Church
Mon, 21 May 2018 21:26:36 root         INFO     Southwark Bridge
Mon, 21 May 2018 21:26:41 root         INFO     Trinity Buoy Wharf
Mon, 21 May 2018 21:26:45 root         INFO     Michelin House
Mon, 21 May 2018 21:26:49 root         INFO     Woodberry Wetlands
Mon, 21 May 2018 21:26:52 root         INFO     Duke of Wellington Statue
Mon, 21 May 2018 21:26:56 root         INFO     Hertford House
Mon, 21 May 2018 21:26:59 root         INFO     Swiss Glockenspiel
Mon, 21 May 2018 21:27:03 root         INFO     Piccadilly Theater
Mon, 21 May 2018 21:27:06 root         INFO     Royal Institute of British Architects
Mon, 21 May 2018 21:27:09 root         INFO     The Meeting Place Statue, St. Pancras Station
Mon, 21 May 2018 21:27:13 root         INFO     Lloyd Park
Mon, 21 May 2018 21:27:16 root         INFO     All Saints Margaret Street
Mon, 21 May 2018 21:27:20 root         INFO     Holy Trinity Sloane Square
Mon, 21 May 2018 21:27:23 root         INFO     Peace Pagoda
Mon, 21 May 2018 21:27:27 root         INFO     Discover Children’s Story Centre
Mon, 21 May 2018 21:27:30 root         INFO     Camley Street Natural Park
Mon, 21 May 2018 21:27:34 root         INFO     Royal Institution of Great Britain
Mon, 21 May 2018 21:27:37 root         INFO     Wellington Barracks
Mon, 21 May 2018 21:27:41 root         INFO     National Firefighters Memorial
Mon, 21 May 2018 21:27:45 root         INFO     Essex Street Brewery
Mon, 21 May 2018 21:27:48 root         INFO     Crimean War Memorial
Mon, 21 May 2018 21:27:52 root         INFO     Temple Bar Memorial
Mon, 21 May 2018 21:27:56 root         INFO     Canada Place
Mon, 21 May 2018 21:27:59 root         INFO     Church of the Immaculate Conception
Mon, 21 May 2018 21:28:02 root         INFO     St. Lawrence Jewry
Mon, 21 May 2018 21:28:06 root         INFO     Threadneedle Street
Mon, 21 May 2018 21:28:10 root         INFO     Southwark Park
Mon, 21 May 2018 21:28:14 root         INFO     Stoke Newington
Mon, 21 May 2018 21:28:17 root         INFO     The London Fire Brigade Museum
Mon, 21 May 2018 21:28:21 root         INFO     Dalston Eastern Curve Garden
Mon, 21 May 2018 21:28:26 root         INFO     Hyde Park Corner
Mon, 21 May 2018 21:28:29 root         INFO     St James's Roman Catholic Church
Mon, 21 May 2018 21:28:33 root         INFO     Wardour Street
Mon, 21 May 2018 21:28:37 root         INFO     Notting Hill Coronet
Mon, 21 May 2018 21:28:40 root         INFO     Hackney City Farm
Mon, 21 May 2018 21:28:44 root         INFO     Hogarth's House
Mon, 21 May 2018 21:28:47 root         INFO     St. Mary le Strand
Mon, 21 May 2018 21:28:51 root         INFO     Brixton Windmill (Ashby's Mill)
Mon, 21 May 2018 21:28:54 root         INFO     Ranger's House
Mon, 21 May 2018 21:28:58 root         INFO     The Four Bronze Horses of Helios
Mon, 21 May 2018 21:29:02 root         INFO     Crystal Palace Museum
Mon, 21 May 2018 21:29:05 root         INFO     Tooting Common
Mon, 21 May 2018 21:29:09 root         INFO     Notre Dame de France
Mon, 21 May 2018 21:29:13 root         INFO     Bargehouse, Oxo Tower Wharf
Mon, 21 May 2018 21:29:16 root         INFO     MCC Cricket Museum
Mon, 21 May 2018 21:29:20 root         INFO     Canada Memorial
Mon, 21 May 2018 21:29:24 root         INFO     Maida Vale
Mon, 21 May 2018 21:29:27 root         INFO     Docklands
Mon, 21 May 2018 21:29:30 root         INFO     High Holborn
Mon, 21 May 2018 21:29:34 root         INFO     Burberry Factory Shop
Mon, 21 May 2018 21:29:38 root         INFO     Royal Victoria Dock and Bridge
Mon, 21 May 2018 21:29:41 root         INFO     Jewel Tower
Mon, 21 May 2018 21:29:45 root         INFO     Rivoli Ballroom
Mon, 21 May 2018 21:29:48 root         INFO     Canary Wharf Tower
Mon, 21 May 2018 21:29:52 root         INFO     Kennington Park
Mon, 21 May 2018 21:29:55 root         INFO     Girl with a Dolphin Fountain
Mon, 21 May 2018 21:29:59 root         INFO     Walpole Park
Mon, 21 May 2018 21:30:02 root         INFO     Greenwich Peninsula Ecology Park
Mon, 21 May 2018 21:30:06 root         INFO     Kindertransport-The Arrival Memorial
Mon, 21 May 2018 21:30:09 root         INFO     Brockwell Park Walled Garden
Mon, 21 May 2018 21:30:12 root         INFO     Guard's Division Memorial
Mon, 21 May 2018 21:30:16 root         INFO     London School of Economics
Mon, 21 May 2018 21:30:19 root         INFO     Millfield Theatre
Mon, 21 May 2018 21:30:23 root         INFO     Greyfriars Passage
Mon, 21 May 2018 21:30:26 root         INFO     Landor Theatre
Mon, 21 May 2018 21:30:29 root         INFO     Marylebone Farmers' Market
Mon, 21 May 2018 21:30:33 root         INFO     Queen's Park
Mon, 21 May 2018 21:30:36 root         INFO     Duke Of York Column
Mon, 21 May 2018 21:30:40 root         INFO     St Patrick's Church
Mon, 21 May 2018 21:30:44 root         INFO     St. George's Church
Mon, 21 May 2018 21:30:47 root         INFO     Street Food Union - Rupert Street SOHO
Mon, 21 May 2018 21:30:50 root         INFO     St John's Gate
Mon, 21 May 2018 21:30:54 root         INFO     Nelson Mandela Statue
Mon, 21 May 2018 21:30:58 root         INFO     The Kernel Brewery
Mon, 21 May 2018 21:31:02 root         INFO     House of Vans
Mon, 21 May 2018 21:31:06 root         INFO     Charlton House
Mon, 21 May 2018 21:31:09 root         INFO     King George VI Memorial
Mon, 21 May 2018 21:31:13 root         INFO     Butler's Wharf
Mon, 21 May 2018 21:31:17 root         INFO     Down Street
Mon, 21 May 2018 21:31:21 root         INFO     Paddington Green and St. Mary's Churchyard
Mon, 21 May 2018 21:31:25 root         INFO     The Memorial Gates
Mon, 21 May 2018 21:31:29 root         INFO     Winchester Palace
Mon, 21 May 2018 21:31:33 root         INFO     New Beckton Park
Mon, 21 May 2018 21:31:36 root         INFO     The Guild Church of ST Mary Aldermary
Mon, 21 May 2018 21:31:40 root         INFO     Wandsworth Common
Mon, 21 May 2018 21:31:44 root         INFO     Gift Horse on the Fourth Plinth
Mon, 21 May 2018 21:31:47 root         INFO     Bethnal Green
Mon, 21 May 2018 21:31:51 root         INFO     Hackney Museum
Mon, 21 May 2018 21:31:55 root         INFO     Honourable Artillery Company
Mon, 21 May 2018 21:31:59 root         INFO     Old Red Lion Theatre
Mon, 21 May 2018 21:32:03 root         INFO     Paddington Street Garden
Mon, 21 May 2018 21:32:06 root         INFO     Ravenscourt Park
Mon, 21 May 2018 21:32:10 root         INFO     Charlton Athletic Football Club
Mon, 21 May 2018 21:32:14 root         INFO     Isokon Gallery
Mon, 21 May 2018 21:32:17 root         INFO     Bridewell Theatre
Mon, 21 May 2018 21:32:20 root         INFO     31 Coventry Street
Mon, 21 May 2018 21:32:24 root         INFO     Trinity House
Mon, 21 May 2018 21:32:28 root         INFO     Watts' Memorial
Mon, 21 May 2018 21:32:31 root         INFO     The House of St Barnabas
Mon, 21 May 2018 21:32:35 root         INFO     Gordon Square
Mon, 21 May 2018 21:32:39 root         INFO     I Can't Sing! - London Theatreland
Mon, 21 May 2018 21:32:42 root         INFO     The Faraday Museum
Mon, 21 May 2018 21:32:47 root         INFO     Wellington Monument (Achille's Statue)
Mon, 21 May 2018 21:32:51 root         INFO     Bloomsbury Farmers Market
Mon, 21 May 2018 21:32:54 root         INFO     Island Gardens
Mon, 21 May 2018 21:32:58 root         INFO     Chelsea Old Church
Mon, 21 May 2018 21:33:02 root         INFO     Hoxton Hall
Mon, 21 May 2018 21:33:06 root         INFO     University of London
Mon, 21 May 2018 21:33:10 root         INFO     HM Treasury
Mon, 21 May 2018 21:33:13 root         INFO     London Beer Lab
Mon, 21 May 2018 21:33:17 root         INFO     Walthamstow Wetlands
Mon, 21 May 2018 21:33:21 root         INFO     Admiral Beatty Memorial Fountain
Mon, 21 May 2018 21:33:24 root         INFO     Mahatma Gandhi Statue
Mon, 21 May 2018 21:33:28 root         INFO     Aldwych Tube Station
Mon, 21 May 2018 21:33:32 root         INFO     Whitehall Palace
Mon, 21 May 2018 21:33:36 root         INFO     Brown Hart Gardens
Mon, 21 May 2018 21:33:39 root         INFO     London Sewing Machine Museum
Mon, 21 May 2018 21:33:43 root         INFO     Virgin Trains
Mon, 21 May 2018 21:33:46 root         INFO     Queen Victoria Statue - Kensington
Mon, 21 May 2018 21:33:50 root         INFO     Berwick Street Market
Mon, 21 May 2018 21:33:53 root         INFO     Wood Street Indoor Market
Mon, 21 May 2018 21:33:57 root         INFO     Joanna Rowsell's Gold Post Box - Cheam
Mon, 21 May 2018 21:34:00 root         INFO     Gallions Reach Shopping Park
Mon, 21 May 2018 21:34:04 root         INFO     Kirkaldy Testing Museum
Mon, 21 May 2018 21:34:07 root         INFO     Victoria Place
Mon, 21 May 2018 21:34:11 root         INFO     Crystal Palace Food Market
Mon, 21 May 2018 21:34:14 root         INFO     Sydenham Hill Wood and Cox's Walk
Mon, 21 May 2018 21:34:18 root         INFO     St Luke’s Church
Mon, 21 May 2018 21:34:21 root         INFO     Isle of Dogs
Mon, 21 May 2018 21:34:25 root         INFO     Agatha Christie Memorial
Mon, 21 May 2018 21:34:28 root         INFO     The Bob Hope Theatre
Mon, 21 May 2018 21:34:32 root         INFO     St. Dunstan In The West
Mon, 21 May 2018 21:34:35 root         INFO     Capital Ring
Mon, 21 May 2018 21:34:39 root         INFO     West India Docks
Mon, 21 May 2018 21:34:43 root         INFO     Sicilian Avenue
Mon, 21 May 2018 21:34:47 root         INFO     Bush Theatre
Mon, 21 May 2018 21:34:51 root         INFO     Hammersmith Bridge
Mon, 21 May 2018 21:34:54 root         INFO     Roupell Street
Mon, 21 May 2018 21:34:57 root         INFO     Robert Peel Statue
Mon, 21 May 2018 21:35:01 root         INFO     Great Queen Street
Mon, 21 May 2018 21:35:05 root         INFO     Oxleas Wood
Mon, 21 May 2018 21:35:11 root         INFO     Jewel House
Mon, 21 May 2018 21:35:14 root         INFO     Archbishop's Park
Mon, 21 May 2018 21:35:17 root         INFO     Boy David Memorial
Mon, 21 May 2018 21:35:21 root         INFO     55 Broadway
Mon, 21 May 2018 21:35:25 root         INFO     Grosvenor Casino St Giles
Mon, 21 May 2018 21:35:29 root         INFO     Gagosian Gallery
Mon, 21 May 2018 21:35:33 root         INFO     Jazz Cafe POSK
Mon, 21 May 2018 21:35:37 root         INFO     Highgate Wood
Mon, 21 May 2018 21:35:41 root         INFO     Equestrian Statue of George IV
Mon, 21 May 2018 21:35:45 root         INFO     Clocktower Market
Mon, 21 May 2018 21:35:49 root         INFO     St Giles-in-the-Fields Church
Mon, 21 May 2018 21:35:53 root         INFO     Greenwich Heritage Centre
Mon, 21 May 2018 21:35:56 root         INFO     Richmond Bridge
Mon, 21 May 2018 21:35:59 root         INFO     GettyImages Gallery
Mon, 21 May 2018 21:36:03 root         INFO     Chestertons Polo in the Park
Mon, 21 May 2018 21:36:06 root         INFO     Earl Haig Memorial
Mon, 21 May 2018 21:36:11 root         INFO     Aldwych Area
Mon, 21 May 2018 21:36:15 root         INFO     Exchange Square
Mon, 21 May 2018 21:36:18 root         INFO     Cello Factory
Mon, 21 May 2018 21:36:22 root         INFO     Prince George Statue
Mon, 21 May 2018 21:36:26 root         INFO     The Guild Church of St. Margaret Pattens
Mon, 21 May 2018 21:36:29 root         INFO     Maryon Wilson Animal Park
Mon, 21 May 2018 21:36:33 root         INFO     Sir John Betjeman Statue
Mon, 21 May 2018 21:36:37 root         INFO     Wimbledon Windmill Museum
Mon, 21 May 2018 21:36:40 root         INFO     Southside House
Mon, 21 May 2018 21:36:44 root         INFO     Chancery Lane
Mon, 21 May 2018 21:36:48 root         INFO     Genting Casino Chinatown London
Mon, 21 May 2018 21:36:51 root         INFO     Bruce Castle Museum
Mon, 21 May 2018 21:36:55 root         INFO     The Grosvenor Victoria Casino London
Mon, 21 May 2018 21:36:59 root         INFO     Deptford Market
Mon, 21 May 2018 21:37:03 root         INFO     Royal Air Force Memorial
Mon, 21 May 2018 21:37:06 root         INFO     The Drayton Arms Theatre
Mon, 21 May 2018 21:37:10 root         INFO     Chapel Street Market
Mon, 21 May 2018 21:37:14 root         INFO     Mary Seacole Statue
Mon, 21 May 2018 21:37:18 root         INFO     St. Mary Woolnoth Church
Mon, 21 May 2018 21:37:22 root         INFO     Tachbrook Market
Mon, 21 May 2018 21:37:25 root         INFO     Clerkenwell
Mon, 21 May 2018 21:37:29 root         INFO     Highgate Bathing Pond
Mon, 21 May 2018 21:37:32 root         INFO     Langham Place
Mon, 21 May 2018 21:37:36 root         INFO     Grosvenor Casino Gloucester Road London
Mon, 21 May 2018 21:37:39 root         INFO     Troxy
Mon, 21 May 2018 21:37:43 root         INFO     Brooks Farm
Mon, 21 May 2018 21:37:47 root         INFO     David Lloyd George Statue
Mon, 21 May 2018 21:37:51 root         INFO     Burlington House
Mon, 21 May 2018 21:37:55 root         INFO     Lights of Soho
Mon, 21 May 2018 21:37:58 root         INFO     UBREW
Mon, 21 May 2018 21:38:01 root         INFO     Tower Hill Pageant
Mon, 21 May 2018 21:38:04 root         INFO     St George the Martyr
Mon, 21 May 2018 21:38:08 root         INFO     The Bloomsbury Theatre
Mon, 21 May 2018 21:38:11 root         INFO     The Shaw Theatre
Mon, 21 May 2018 21:38:15 root         INFO     Admiral Jellicoe Memorial Fountain
Mon, 21 May 2018 21:38:18 root         INFO     Parasol unit foundation for contemporary art
Mon, 21 May 2018 21:38:22 root         INFO     Primrose Hill Market
Mon, 21 May 2018 21:38:27 root         INFO     Brunei Gallery
Mon, 21 May 2018 21:38:31 root         INFO     Lauderdale House
Mon, 21 May 2018 21:38:34 root         INFO     Brent Reservoir (Welsh Harp) Canalside
Mon, 21 May 2018 21:38:39 root         INFO     Iris Theatre
Mon, 21 May 2018 21:38:42 root         INFO     Lewisham Market
Mon, 21 May 2018 21:38:46 root         INFO     Gate Picturehouse
Mon, 21 May 2018 21:38:49 root         INFO     The Clockmakers' Museum
Mon, 21 May 2018 21:38:53 root         INFO     Brixton Brewery
Mon, 21 May 2018 21:38:56 root         INFO     One Tree Hill Local Nature Reserve
Mon, 21 May 2018 21:39:01 root         INFO     South Norwood Lake and Grounds
Mon, 21 May 2018 21:39:05 root         INFO     Taste of London
Mon, 21 May 2018 21:39:09 root         INFO     The Queen Square Park and Garden
Mon, 21 May 2018 21:39:13 root         INFO     Shadwell Basin
Mon, 21 May 2018 21:39:16 root         INFO     Benjamin Disraeli Statue
Mon, 21 May 2018 21:39:20 root         INFO     London Sri Murugan Temple
Mon, 21 May 2018 21:39:23 root         INFO     Dean's Yard
Mon, 21 May 2018 21:39:27 root         INFO     Golden Boy of Pye Corner
Mon, 21 May 2018 21:39:30 root         INFO     Allies Statue - Franklin D. Roosevelt and Winston Churchill
Mon, 21 May 2018 21:39:34 root         INFO     Tin Pan Alley
Mon, 21 May 2018 21:39:37 root         INFO     Three Mills and Queen Elizabeth Olympic Park
Mon, 21 May 2018 21:39:41 root         INFO     Thames River Police Museum
Mon, 21 May 2018 21:39:44 root         INFO     St. Michael's Cornhill
Mon, 21 May 2018 21:39:49 root         INFO     Field Marshal William Slim Statue
Mon, 21 May 2018 21:39:53 root         INFO     Portcullis House
Mon, 21 May 2018 21:39:56 root         INFO     Matchroom Stadium
Mon, 21 May 2018 21:40:00 root         INFO     The London Improv Theatre
Mon, 21 May 2018 21:40:03 root         INFO     Brunswick Square Gardens
Mon, 21 May 2018 21:40:09 root         INFO     Pentameters Theatre
Mon, 21 May 2018 21:40:15 root         INFO     The Banqueting House
Mon, 21 May 2018 21:40:18 root         INFO     Granary Square Kings Cross
Mon, 21 May 2018 21:40:22 root         INFO     The Guards' Chapel
Mon, 21 May 2018 21:40:26 root         INFO     Britain's Smallest Police Station
Mon, 21 May 2018 21:40:29 root         INFO     Savoy Tup
Mon, 21 May 2018 21:40:32 root         INFO     St. James' Square
Mon, 21 May 2018 21:40:38 root         INFO     St. Sepulchre Without Newgate Church
Mon, 21 May 2018 21:40:41 root         INFO     St. George's Gardens
Mon, 21 May 2018 21:40:46 root         INFO     Ferny Hill Farm
Mon, 21 May 2018 21:40:49 root         INFO     One Hyde Park
Mon, 21 May 2018 21:40:52 root         INFO     Nespresso Boutique
Mon, 21 May 2018 21:40:56 root         INFO     Hanwell Lock Flight Canalside
Mon, 21 May 2018 21:40:59 root         INFO     St Botolph's Aldgate
Mon, 21 May 2018 21:41:03 root         INFO     Merton Abbey Mills
Mon, 21 May 2018 21:41:06 root         INFO     Statue of Charles James Napier
Mon, 21 May 2018 21:41:09 root         INFO     Marylebone Station
Mon, 21 May 2018 21:41:13 root         INFO     The Pet Cemetery of Hyde Park
Mon, 21 May 2018 21:41:17 root         INFO     Metropolitan Police Historical Collection
Mon, 21 May 2018 21:41:20 root         INFO     Lee Valley Athletics Centre
Mon, 21 May 2018 21:41:23 root         INFO     Saint Peter's Italian Church
Mon, 21 May 2018 21:41:27 root         INFO     Statue of Captain James Cook
Mon, 21 May 2018 21:41:30 root         INFO     Farm Street
Mon, 21 May 2018 21:41:34 root         INFO     Crystal Palace Antique and Modern Warehouse
Mon, 21 May 2018 21:41:37 root         INFO     Well Hall Pleasaunce
Mon, 21 May 2018 21:41:42 root         INFO     New Shepherd's Bush Market
Mon, 21 May 2018 21:41:46 root         INFO     Now Gallery
Mon, 21 May 2018 21:41:50 root         INFO     Cavendish Square Gardens
Mon, 21 May 2018 21:41:53 root         INFO     Design Centre
Mon, 21 May 2018 21:41:57 root         INFO     Richmond Green
Mon, 21 May 2018 21:42:00 root         INFO     Venn Street Market
Mon, 21 May 2018 21:42:05 root         INFO     St Sophia's Cathedral
Mon, 21 May 2018 21:42:09 root         INFO     Church Street
Mon, 21 May 2018 21:42:12 root         INFO     The Parish Church of St John-at-Hampstead
Mon, 21 May 2018 21:42:16 root         INFO     The London Library
Mon, 21 May 2018 21:42:19 root         INFO     Tower of London Ice Rink & Eis Haus Ice bar.
Mon, 21 May 2018 21:42:23 root         INFO     Seven Sisters Indoor Market
Mon, 21 May 2018 21:42:26 root         INFO     Myatt's Fields Park
Mon, 21 May 2018 21:42:30 root         INFO     St. Michael Paternoster Royal Church
Mon, 21 May 2018 21:42:34 root         INFO     Jan Smuts Statue
Mon, 21 May 2018 21:42:38 root         INFO     Gipsy Hill Brewery
Mon, 21 May 2018 21:42:41 root         INFO     Canada House
Mon, 21 May 2018 21:42:45 root         INFO     St Mary's Church, Putney
Mon, 21 May 2018 21:42:48 root         INFO     St John's Waterloo
Mon, 21 May 2018 21:42:52 root         INFO     General Charles George Gordon statue
Mon, 21 May 2018 21:42:56 root         INFO     Victoria
Mon, 21 May 2018 21:43:00 root         INFO     British Boot Company
Mon, 21 May 2018 21:43:03 root         INFO     St. Margaret Lothbury Church
Mon, 21 May 2018 21:43:07 root         INFO     Billingsgate
Mon, 21 May 2018 21:43:11 root         INFO     The Bunker Theatre
Mon, 21 May 2018 21:43:14 root         INFO     Red Cross Cottages & Garden
Mon, 21 May 2018 21:43:18 root         INFO     Bernie Grants Arts Centre
Mon, 21 May 2018 21:43:22 root         INFO     Lee Valley Hockey and Tennis Centre
Mon, 21 May 2018 21:43:26 root         INFO     Palm Beach Casino
Mon, 21 May 2018 21:43:30 root         INFO     Ruskin Park
Mon, 21 May 2018 21:43:33 root         INFO     West Hampstead Farmers' Market
Mon, 21 May 2018 21:43:36 root         INFO     Old Vic Tunnels
Mon, 21 May 2018 21:43:39 root         INFO     Galeria Melissa
Mon, 21 May 2018 21:43:43 root         INFO     Tooley Street
Mon, 21 May 2018 21:43:46 root         INFO     Hodge the Cat
Mon, 21 May 2018 21:43:49 root         INFO     Bow Church
Mon, 21 May 2018 21:43:53 root         INFO     HTB Onslow Square
Mon, 21 May 2018 21:43:56 root         INFO     Trinity Square Gardens
Mon, 21 May 2018 21:43:59 root         INFO     Oasis Sports Centre
Mon, 21 May 2018 21:44:03 root         INFO     King's College London Chapel
Mon, 21 May 2018 21:44:06 root         INFO     Haggerston Park
Mon, 21 May 2018 21:44:10 root         INFO     Lammas Park
Mon, 21 May 2018 21:44:14 root         INFO     Whitechapel Road
Mon, 21 May 2018 21:44:17 root         INFO     Portland Place
Mon, 21 May 2018 21:44:21 root         INFO     Bow Street
Mon, 21 May 2018 21:44:25 root         INFO     Howard Griffin Gallery
Mon, 21 May 2018 21:44:28 root         INFO     Society of Antiquaries of London
Mon, 21 May 2018 21:44:32 root         INFO     Henry John Temple Statue
Mon, 21 May 2018 21:44:35 root         INFO     The Russian Orthodox Church
Mon, 21 May 2018 21:44:39 root         INFO     Imperial College Sports Centre
Mon, 21 May 2018 21:44:42 root         INFO     Snap Galleries London
Mon, 21 May 2018 21:44:45 root         INFO     Queen's Chapel
Mon, 21 May 2018 21:44:48 root         INFO     Cavendish Square
Mon, 21 May 2018 21:44:53 root         INFO     Maughan Library
Mon, 21 May 2018 21:44:57 root         INFO     River Lee Navigation
Mon, 21 May 2018 21:45:00 root         INFO     St. Giles Cripplegate
Mon, 21 May 2018 21:45:04 root         INFO     BDA Dental Museum
Mon, 21 May 2018 21:45:07 root         INFO     New River Walk
Mon, 21 May 2018 21:45:11 root         INFO     Neal Street
Mon, 21 May 2018 21:45:14 root         INFO     Mount Street Gardens
Mon, 21 May 2018 21:45:17 root         INFO     Wimbledon Library
Mon, 21 May 2018 21:45:20 root         INFO     The Church of St Vedast Alias Foster
Mon, 21 May 2018 21:45:24 root         INFO     Iraq and Afghanistan Memorial
Mon, 21 May 2018 21:45:27 root         INFO     Islington Green
Mon, 21 May 2018 21:45:31 root         INFO     St. Dunstan's Church
Mon, 21 May 2018 21:45:35 root         INFO     Tate Boat
Mon, 21 May 2018 21:45:38 root         INFO     Oval Farmers' Market
Mon, 21 May 2018 21:45:41 root         INFO     The House of Dreams, Stephen Wright
Mon, 21 May 2018 21:45:45 root         INFO     Ridley Road Shopping Village
Mon, 21 May 2018 21:45:48 root         INFO     Emmeline and Christabel Pankhurst Memorial
Mon, 21 May 2018 21:45:52 root         INFO     11 September 2001 Memorial Gardens
Mon, 21 May 2018 21:45:56 root         INFO     Highams Park
Mon, 21 May 2018 21:46:01 root         INFO     Church of St. Martin-within-Ludgate
Mon, 21 May 2018 21:46:05 root         INFO     Marx Memorial Library
Mon, 21 May 2018 21:46:09 root         INFO     Fine Art Society
Mon, 21 May 2018 21:46:12 root         INFO     July 7 Memorial (London Bombing Memorial)
Mon, 21 May 2018 21:46:16 root         INFO     Carlton House Terrace
Mon, 21 May 2018 21:46:20 root         INFO     The British Vintage Wireless and Television Museum
Mon, 21 May 2018 21:46:23 root         INFO     Southbank Mosaics
Mon, 21 May 2018 21:46:27 root         INFO     Tibetan Peace Garden
Mon, 21 May 2018 21:46:31 root         INFO     William Tyndale Statue
Mon, 21 May 2018 21:46:34 root         INFO     Major General Sir Henry Havelock Statue
Mon, 21 May 2018 21:46:37 root         INFO     Tristan Bates Theatre
Mon, 21 May 2018 21:46:41 root         INFO     Bedford Square
Mon, 21 May 2018 21:46:44 root         INFO     New Diorama Theatre
Mon, 21 May 2018 21:46:48 root         INFO     Union Theatre
Mon, 21 May 2018 21:46:51 root         INFO     Russel Square Station
Mon, 21 May 2018 21:46:54 root         INFO     Chindit Memorial
Mon, 21 May 2018 21:46:57 root         INFO     Gillespie Park Nature Reserve and Islington Ecology
Mon, 21 May 2018 21:47:00 root         INFO     Newton Monument
Mon, 21 May 2018 21:47:04 root         INFO     Skylark Galleries
Mon, 21 May 2018 21:47:07 root         INFO     Ronald Reagan Statue
Mon, 21 May 2018 21:47:10 root         INFO     Statue of George V
Mon, 21 May 2018 21:47:14 root         INFO     Omnibus Theatre
Mon, 21 May 2018 21:47:19 root         INFO     Champion Hill
Mon, 21 May 2018 21:47:23 root         INFO     Cheyne Walk
Mon, 21 May 2018 21:47:26 root         INFO     Museum of Comedy
Mon, 21 May 2018 21:47:30 root         INFO     Gunnersbury Triangle
Mon, 21 May 2018 21:47:33 root         INFO     British Optical Association Museum
Mon, 21 May 2018 21:47:37 root         INFO     Young Dancer
Mon, 21 May 2018 21:47:40 root         INFO     L.C.C. Fire Brigade Station Euston 1902
Mon, 21 May 2018 21:47:44 root         INFO     Store Studios
Mon, 21 May 2018 21:47:47 root         INFO     The CLF Art Cafe
Mon, 21 May 2018 21:47:50 root         INFO     Whiteleys
Mon, 21 May 2018 21:47:54 root         INFO     Islington Museum
Mon, 21 May 2018 21:47:58 root         INFO     Haunch of Venison
Mon, 21 May 2018 21:48:02 root         INFO     Grosvenor Casino Barracuda, London
Mon, 21 May 2018 21:48:05 root         INFO     London New Cavendish Street
Mon, 21 May 2018 21:48:09 root         INFO     Prince Albert Equestrian Statue
Mon, 21 May 2018 21:48:12 root         INFO     Markfield Beam Engine Museum
Mon, 21 May 2018 21:48:15 root         INFO     Kensington Leisure Centre
Mon, 21 May 2018 21:48:19 root         INFO     Tottenham Green Market
Mon, 21 May 2018 21:48:22 root         INFO     St Ethelburga's
Mon, 21 May 2018 21:48:25 root         INFO     Proud Galleries
Mon, 21 May 2018 21:48:29 root         INFO     Downing Street
Mon, 21 May 2018 21:48:33 root         INFO     Mare Street
Mon, 21 May 2018 21:48:36 root         INFO     Hang-Up Gallery
Mon, 21 May 2018 21:48:39 root         INFO     Saint Saviour Pimlico
Mon, 21 May 2018 21:48:43 root         INFO     St Andrew Holborn
Mon, 21 May 2018 21:48:46 root         INFO     Brockwell Park
Mon, 21 May 2018 21:48:49 root         INFO     West London Synagogue
Mon, 21 May 2018 21:48:53 root         INFO     Upper and Lower Grosvenor Gardens
Mon, 21 May 2018 21:48:57 root         INFO     Raven Row
Mon, 21 May 2018 21:49:00 root         INFO     Battersea Sports Centre
Mon, 21 May 2018 21:49:03 root         INFO     The Memorial to the Brigade of Gurkhas
Mon, 21 May 2018 21:49:06 root         INFO     The Brunel Museum at Rotherhithe
Mon, 21 May 2018 21:49:09 root         INFO     Boma Garden Centre Ltd
Mon, 21 May 2018 21:49:13 root         INFO     Chelsea Embankment Gardens
Mon, 21 May 2018 21:49:18 root         INFO     Fishmongers' Hall
Mon, 21 May 2018 21:49:21 root         INFO     Gladstone Park
Mon, 21 May 2018 21:49:24 root         INFO     Oliver Cromwell Statue
Mon, 21 May 2018 21:49:27 root         INFO     The Horse Hospital
Mon, 21 May 2018 21:49:31 root         INFO     Joy of Life Fountain
Mon, 21 May 2018 21:49:34 root         INFO     Bernard Montgomery Statue
Mon, 21 May 2018 21:49:37 root         INFO     Graffiti in Shoreditch
Mon, 21 May 2018 21:49:41 root         INFO     College of Arms
Mon, 21 May 2018 21:49:44 root         INFO     Honor Oak Park
Mon, 21 May 2018 21:49:47 root         INFO     The Church Of The Holy Cross
Mon, 21 May 2018 21:49:51 root         INFO     St Mark's Regent Park
Mon, 21 May 2018 21:49:54 root         INFO     StolenSpace Gallery
Mon, 21 May 2018 21:49:57 root         INFO     Pump House Gallery
Mon, 21 May 2018 21:50:00 root         INFO     Gatehouse Theatre
Mon, 21 May 2018 21:50:04 root         INFO     Pymmes Park
Mon, 21 May 2018 21:50:10 root         INFO     Golden Square
Mon, 21 May 2018 21:50:13 root         INFO     Marc Bolan's Rock Shrine
Mon, 21 May 2018 21:50:17 root         INFO     Coronation Gardens
Mon, 21 May 2018 21:50:20 root         INFO     Tarn Bird Sanctuary
Mon, 21 May 2018 21:50:23 root         INFO     Crockfords
Mon, 21 May 2018 21:50:27 root         INFO     St. Olaf Statue
Mon, 21 May 2018 21:50:30 root         INFO     Pace Gallery
Mon, 21 May 2018 21:50:34 root         INFO     Photofusion
Mon, 21 May 2018 21:50:38 root         INFO     Noor Inayat Khan Statue
Mon, 21 May 2018 21:50:41 root         INFO     Millbank Tower
Mon, 21 May 2018 21:50:45 root         INFO     Coulsdon Common
Mon, 21 May 2018 21:50:48 root         INFO     UCL Art Museum
Mon, 21 May 2018 21:50:52 root         INFO     Chrisp Street Market
Mon, 21 May 2018 21:50:55 root         INFO     Trades Union Congress Building
Mon, 21 May 2018 21:50:59 root         INFO     John Snow Saloon
Mon, 21 May 2018 21:51:03 root         INFO     Cadence Performance Ltd
Mon, 21 May 2018 21:51:06 root         INFO     Charlie Chaplin' House
Mon, 21 May 2018 21:51:09 root         INFO     The Geological Society
Mon, 21 May 2018 21:51:12 root         INFO     Elfin Oak
Mon, 21 May 2018 21:51:15 root         INFO     George Washington Statue
Mon, 21 May 2018 21:51:18 root         INFO     Emmanuel Centre
Mon, 21 May 2018 21:51:23 root         INFO     The Asylum Chapel
Mon, 21 May 2018 21:51:26 root         INFO     Dairy Art Centre
Mon, 21 May 2018 21:51:29 root         INFO     Barnes Green
Mon, 21 May 2018 21:51:33 root         INFO     Clowns' Gallery & Museum
Mon, 21 May 2018 21:51:36 root         INFO     Coronet Cinema
Mon, 21 May 2018 21:51:39 root         INFO     Curious Duke Gallery
Mon, 21 May 2018 21:51:42 root         INFO     Hammersmith Cemetery
Mon, 21 May 2018 21:51:48 root         INFO     Backyard Market
Mon, 21 May 2018 21:51:52 root         INFO     Smollensky’s Bar
Mon, 21 May 2018 21:51:55 root         INFO     King William IV statue
Mon, 21 May 2018 21:51:58 root         INFO     London Docklands Visitor Centre
Mon, 21 May 2018 21:52:01 root         INFO     Charter House
Mon, 21 May 2018 21:52:05 root         INFO     Trinity Hospital
Mon, 21 May 2018 21:52:08 root         INFO     Inverness Street Market
Mon, 21 May 2018 21:52:12 root         INFO     Viewfinder Photography Gallery
Mon, 21 May 2018 21:52:15 root         INFO     St John the Baptist
Mon, 21 May 2018 21:52:18 root         INFO     Waterloo East Theatre
Mon, 21 May 2018 21:52:21 root         INFO     Dunamis
Mon, 21 May 2018 21:52:25 root         INFO     Transport For London
Mon, 21 May 2018 21:52:27 root         INFO     The Poetry Library
Mon, 21 May 2018 21:52:31 root         INFO     Archway Bridge
Mon, 21 May 2018 21:52:34 root         INFO     Zuleika Gallery
Mon, 21 May 2018 21:52:37 root         INFO     Marlborough Contemporary
Mon, 21 May 2018 21:52:40 root         INFO     Pressure Drop Brewing
Mon, 21 May 2018 21:52:44 root         INFO     Guildhall Library
Mon, 21 May 2018 21:52:48 root         INFO     Curwen Gallery
Mon, 21 May 2018 21:52:51 root         INFO     Westminster Scholars War Memorial
Mon, 21 May 2018 21:52:55 root         INFO     St Mary's Gardens
Mon, 21 May 2018 21:52:58 root         INFO     Russia Dock Woodland
Mon, 21 May 2018 21:53:01 root         INFO     Stratford Park
Mon, 21 May 2018 21:53:04 root         INFO     Upstairs at The Gatehouse
Mon, 21 May 2018 21:53:07 root         INFO     The Junk Shop
Mon, 21 May 2018 21:53:11 root         INFO     Rowland Hill Statue
Mon, 21 May 2018 21:53:14 root         INFO     Milton Court Concert Hall
Mon, 21 May 2018 21:53:17 root         INFO     St Barnabas Church
Mon, 21 May 2018 21:53:20 root         INFO     Longplayer
Mon, 21 May 2018 21:53:24 root         INFO     Porchester Square Gardens
Mon, 21 May 2018 21:53:27 root         INFO     Royal Victoria Gardens
Mon, 21 May 2018 21:53:30 root         INFO     Cutler's Hall
Mon, 21 May 2018 21:53:34 root         INFO     Nunnery Gallery
Mon, 21 May 2018 21:53:38 root         INFO     East Ham Central park
Mon, 21 May 2018 21:53:41 root         INFO     Simone Bolivar Statue
Mon, 21 May 2018 21:53:44 root         INFO     Our Lady of the Assumption and Saint Gregory
Mon, 21 May 2018 21:53:48 root         INFO     Gallery Fumi
Mon, 21 May 2018 21:53:51 root         INFO     East Ham Nature Reserve
Mon, 21 May 2018 21:53:54 root         INFO     Bow Creek Ecology Park
Mon, 21 May 2018 21:53:58 root         INFO     Blain/Southern
Mon, 21 May 2018 21:54:01 root         INFO     Hugh Trenchard Statue
Mon, 21 May 2018 21:54:04 root         INFO     Execution Dock
Mon, 21 May 2018 21:54:08 root         INFO     Priory Park
Mon, 21 May 2018 21:54:11 root         INFO     Prince Henry the Navigator Statue
Mon, 21 May 2018 21:54:14 root         INFO     St Matthias Old Church
Mon, 21 May 2018 21:54:17 root         INFO     Hampstead Museum
Mon, 21 May 2018 21:54:21 root         INFO     Hyde Park Chapel Visitors’ Centers
Mon, 21 May 2018 21:54:25 root         INFO     West Street
Mon, 21 May 2018 21:54:30 root         INFO     Stockwell playhouse
Mon, 21 May 2018 21:54:33 root         INFO     Pitzhanger Manor
Mon, 21 May 2018 21:54:36 root         INFO     Joe Strummer Mural London
Mon, 21 May 2018 21:54:40 root         INFO     Kelmscott House
Mon, 21 May 2018 21:54:43 root         INFO     London Natsume Soseki Memorial Hall
Mon, 21 May 2018 21:54:47 root         INFO     St. Georges Square
Mon, 21 May 2018 21:54:52 root         INFO     Franklin D. Roosevelt Memorial
Mon, 21 May 2018 21:54:55 root         INFO     WaterWorks Centre & Middlesex Filter Beds
Mon, 21 May 2018 21:54:59 root         INFO     Black Death Burial Pit
Mon, 21 May 2018 21:55:02 root         INFO     Queens Park Farmers' Market
Mon, 21 May 2018 21:55:06 root         INFO     St Anne's Churchyard,
Mon, 21 May 2018 21:55:10 root         INFO     Obelisks of Nectanebo II
Mon, 21 May 2018 21:55:13 root         INFO     Golborne Road
Mon, 21 May 2018 21:55:16 root         INFO     John F. Kennedy Memorial
Mon, 21 May 2018 21:55:19 root         INFO     Christopher Columbus Statue
Mon, 21 May 2018 21:55:23 root         INFO     Bhrams and Liszt
Mon, 21 May 2018 21:55:26 root         INFO     Norfolk Square Gardens
Mon, 21 May 2018 21:55:29 root         INFO     Jose de San Martin Statue
Mon, 21 May 2018 21:55:32 root         INFO     Kilburn Grange Park
Mon, 21 May 2018 21:55:36 root         INFO     Henry Bartle Frere Statue
Mon, 21 May 2018 21:55:39 root         INFO     Church of Christ the King
Mon, 21 May 2018 21:55:43 root         INFO     Brick Lane Jamme Masjid
Mon, 21 May 2018 21:55:47 root         INFO     Grosvenor Chapel
Mon, 21 May 2018 21:55:50 root         INFO     The Camden Centre
Mon, 21 May 2018 21:55:54 root         INFO     Gilbert Collection
Mon, 21 May 2018 21:55:57 root         INFO     Charnel House
Mon, 21 May 2018 21:56:01 root         INFO     Fan Bridge
Mon, 21 May 2018 21:56:05 root         INFO     Earth Natural Foods
Mon, 21 May 2018 21:56:08 root         INFO     David Roberts Art Foundation
Mon, 21 May 2018 21:56:11 root         INFO     New End Theatre
Mon, 21 May 2018 21:56:14 root         INFO     Italian Cultural Institute
Mon, 21 May 2018 21:56:18 root         INFO     Pitshanger Park
Mon, 21 May 2018 21:56:21 root         INFO     Plaque Giuseppe Mazzini
Mon, 21 May 2018 21:56:24 root         INFO     Fleet Air Arm Memorial
Mon, 21 May 2018 21:56:27 root         INFO     Brenchley Gardens Park
Mon, 21 May 2018 21:56:31 root         INFO     Warren Street Maze
Mon, 21 May 2018 21:56:34 root         INFO     Hyde Park Sporting Club
Mon, 21 May 2018 21:56:37 root         INFO     Waterloo Millennium Green
Mon, 21 May 2018 21:56:43 root         INFO     St John at Hackney Church
Mon, 21 May 2018 21:56:46 root         INFO     St Nicholas Cole Abbey
Mon, 21 May 2018 21:56:50 root         INFO     Rowley Gallery
Mon, 21 May 2018 21:56:53 root         INFO     Annely Juda Fine Art
Mon, 21 May 2018 21:56:56 root         INFO     Statue of General Sir James Outram
Mon, 21 May 2018 21:56:59 root         INFO     Belgrave Square Garden
Mon, 21 May 2018 21:57:02 root         INFO     Bessborough Gardens
Mon, 21 May 2018 21:57:05 root         INFO     Percival David Foundation of Chinese Art
Mon, 21 May 2018 21:57:09 root         INFO     Ducketts Common
Mon, 21 May 2018 21:57:12 root         INFO     St Peter's Barge
Mon, 21 May 2018 21:57:16 root         INFO     Masala Kitchen
Mon, 21 May 2018 21:57:19 root         INFO     Adm Of Fleet Earl Mountbatten Of Burma Statue
Mon, 21 May 2018 21:57:22 root         INFO     Tossed
Mon, 21 May 2018 21:57:26 root         INFO     Crabtree Fields
Mon, 21 May 2018 21:57:30 root         INFO     Origin Gallery
Mon, 21 May 2018 21:57:33 root         INFO     Outdoors in the City
Mon, 21 May 2018 21:57:37 root         INFO     Hahn/Cock Sculpture
Mon, 21 May 2018 21:57:41 root         INFO     Holy Trinity Barnes
Mon, 21 May 2018 21:57:44 root         INFO     Visions of the Universe exhibition
Mon, 21 May 2018 21:57:47 root         INFO     Russian Patriarchal Orthodox cathedral
Mon, 21 May 2018 21:57:51 root         INFO     Ambika P3
Mon, 21 May 2018 21:57:54 root         INFO     St. Dominic's Priory Church
Mon, 21 May 2018 21:57:57 root         INFO     St Andrews Undershaft
Mon, 21 May 2018 21:58:00 root         INFO     Turner Art Prize Exposition
Mon, 21 May 2018 21:58:04 root         INFO     The Barnes Trail
Mon, 21 May 2018 21:58:07 root         INFO     Conway Hall
Mon, 21 May 2018 21:58:10 root         INFO     James Abbott McNeill Whistler Statue
Mon, 21 May 2018 21:58:13 root         INFO     Old Town Hall Stratford
Mon, 21 May 2018 21:58:17 root         INFO     Joseph Brodsky Memorial Plaque
Mon, 21 May 2018 21:58:20 root         INFO     Black Cat Cabaret
Mon, 21 May 2018 21:58:24 root         INFO     Bazaar at the Arcola Theatre
Mon, 21 May 2018 21:58:27 root         INFO     Jimmy Cauty's Model Village
Mon, 21 May 2018 21:58:31 root         INFO     St Marks Dalston
Mon, 21 May 2018 21:58:34 root         INFO     St. Anne's Lutheran Church
Mon, 21 May 2018 21:58:37 root         INFO     Atomica Gallery
Mon, 21 May 2018 21:58:41 root         INFO     St James's Church
Mon, 21 May 2018 21:58:44 root         INFO     Statue of King Richard the Lionheart
Mon, 21 May 2018 21:58:48 root         INFO     Putney Arts Theatre
Mon, 21 May 2018 21:58:51 root         INFO     Greenwood Theatre
Mon, 21 May 2018 21:58:55 root         INFO     Chapter House and Pyx Chamber
Mon, 21 May 2018 21:58:58 root         INFO     London's First Drinking Fountain
Mon, 21 May 2018 21:59:01 root         INFO     Chiosco
Mon, 21 May 2018 21:59:06 root         INFO     Hanover Square
Mon, 21 May 2018 21:59:11 root         INFO     Gladstone Monument
Mon, 21 May 2018 21:59:14 root         INFO     Belarusian St Cyril of Turau Church in London
Mon, 21 May 2018 21:59:18 root         INFO     St Paul's Church Gardens
Mon, 21 May 2018 21:59:21 root         INFO     Old Church Garden
Mon, 21 May 2018 21:59:25 root         INFO     Ukrainian Catholic Cathedral of the Holy Family
Mon, 21 May 2018 21:59:28 root         INFO     Galerie Thaddaeus Ropac
Mon, 21 May 2018 21:59:32 root         INFO     South Western Railway
Mon, 21 May 2018 21:59:35 root         INFO     St Benet Paul's Wharf
Mon, 21 May 2018 21:59:38 root         INFO     St Mary's Church
Mon, 21 May 2018 21:59:41 root         INFO     The Old Burial Ground
Mon, 21 May 2018 21:59:47 root         INFO     Sh! Women's Emporium
Mon, 21 May 2018 21:59:51 root         INFO     Movie Poster Art Gallery
Mon, 21 May 2018 21:59:55 root         INFO     Haven Green
Mon, 21 May 2018 21:59:58 root         INFO     Central Saint Gilles
Mon, 21 May 2018 22:00:03 root         INFO     St. Gabriel's Church
Mon, 21 May 2018 22:00:08 root         INFO     Cannizaro Park
Mon, 21 May 2018 22:00:12 root         INFO     Paddington Basin
Mon, 21 May 2018 22:00:15 root         INFO     The Space
Mon, 21 May 2018 22:00:18 root         INFO     Two Men on a Bench
Mon, 21 May 2018 22:00:23 root         INFO     Princess Alice Disaster Memorial
Mon, 21 May 2018 22:00:26 root         INFO     Geraldine Mary Harmsworth Park
Mon, 21 May 2018 22:00:32 root         INFO     Bela Bartok Memorial Kensington
Mon, 21 May 2018 22:00:35 root         INFO     St. Augustine Queens Gate
Mon, 21 May 2018 22:00:38 root         INFO     Redfern Gallery
Mon, 21 May 2018 22:00:41 root         INFO     Roman Black Gallery
Mon, 21 May 2018 22:00:44 root         INFO     Norton Folgate Alms Houses
Mon, 21 May 2018 22:00:48 root         INFO     Artillery Passage
Mon, 21 May 2018 22:00:51 root         INFO     The Inner Temple Library
Mon, 21 May 2018 22:00:54 root         INFO     Capital Art Gallery
Mon, 21 May 2018 22:00:57 root         INFO     Our Most Holy Redeemer & S. Thomas More Catholic Church
Mon, 21 May 2018 22:01:01 root         INFO     Drury Lane Gardens
Mon, 21 May 2018 22:01:03 root         INFO     Chats Palace
Mon, 21 May 2018 22:01:06 root         INFO     Tom Cribbs memorial
Mon, 21 May 2018 22:01:09 root         INFO     St Mary's Stoke Newington
Mon, 21 May 2018 22:01:13 root         INFO     Roundwood Park
Mon, 21 May 2018 22:01:16 root         INFO     Eagle Squadrons Memorial
Mon, 21 May 2018 22:01:19 root         INFO     Sir Henry Wilson Bart
Mon, 21 May 2018 22:01:22 root         INFO     Queen Caroline's Temple
Mon, 21 May 2018 22:01:26 root         INFO     The Temple Gallery
Mon, 21 May 2018 22:01:29 root         INFO     Mile End Park
Mon, 21 May 2018 22:01:32 root         INFO     Kachette
Mon, 21 May 2018 22:01:35 root         INFO     De Morgan Centre
Mon, 21 May 2018 22:01:39 root         INFO     Holy Trinity Eltham
Mon, 21 May 2018 22:01:42 root         INFO     Baroness Burdett Coutts Drinking Fountain
Mon, 21 May 2018 22:01:46 root         INFO     Van Gogh Exhibition
Mon, 21 May 2018 22:01:50 root         INFO     St George in the East Church
Mon, 21 May 2018 22:01:53 root         INFO     Will To Win Tennis - Regents Park
Mon, 21 May 2018 22:01:56 root         INFO     Leg O Mutton Reservoir
Mon, 21 May 2018 22:01:59 root         INFO     Atom Gallery
Mon, 21 May 2018 22:02:03 root         INFO     Druid St Market
Mon, 21 May 2018 22:02:06 root         INFO     Centre of the Cell
Mon, 21 May 2018 22:02:09 root         INFO     St Georges Garrison Church
Mon, 21 May 2018 22:02:12 root         INFO     Albion Riverside
Mon, 21 May 2018 22:02:15 root         INFO     The Graffiti Life Gallery
Mon, 21 May 2018 22:02:18 root         INFO     Well street market
Mon, 21 May 2018 22:02:23 root         INFO     Oasis Farm Waterloo
Mon, 21 May 2018 22:02:29 root         INFO     Leeke Street
Mon, 21 May 2018 22:02:32 root         INFO     Camberwell Old Cemetary
Mon, 21 May 2018 22:02:35 root         INFO     Wendell Park Market
Mon, 21 May 2018 22:02:38 root         INFO     Kynance Mews
Mon, 21 May 2018 22:02:41 root         INFO     Phoenix Garden
Mon, 21 May 2018 22:02:44 root         INFO     Kenley Common
Mon, 21 May 2018 22:02:49 root         INFO     Zari Gallery
Mon, 21 May 2018 22:02:53 root         INFO     The Temple
Mon, 21 May 2018 22:02:56 root         INFO     Canonbury Grove
Mon, 21 May 2018 22:03:01 root         INFO     Palewell Common and Fields
Mon, 21 May 2018 22:03:05 root         INFO     Potterton Books
Mon, 21 May 2018 22:03:08 root         INFO     City Business Library
Mon, 21 May 2018 22:03:11 root         INFO     Alfred Hitchcock Mosaics -Leytonstone tube station
Mon, 21 May 2018 22:03:17 root         INFO     The Danish Church of St Katharine's
Mon, 21 May 2018 22:03:20 root         INFO     Garden Suburb Theatre
Mon, 21 May 2018 22:03:25 root         INFO     St. Peter the Apostle
Mon, 21 May 2018 22:03:28 root         INFO     The Abercorn Arms, Teddington
Mon, 21 May 2018 22:03:31 root         INFO     Weird Beard
Mon, 21 May 2018 22:03:34 root         INFO     Bramley's Big Adventure
Mon, 21 May 2018 22:03:38 root         INFO     Serena Morton 11 Gallery
Mon, 21 May 2018 22:03:42 root         INFO     Royal Pharmaceutical Society Museum
Mon, 21 May 2018 22:03:45 root         INFO     Eames Fine Art
Mon, 21 May 2018 22:03:48 root         INFO     South London Botanical Institute
Mon, 21 May 2018 22:03:51 root         INFO     Clapton Pond
Mon, 21 May 2018 22:03:54 root         INFO     The Home Office Building
Mon, 21 May 2018 22:03:57 root         INFO     Thackeray Gallery
Mon, 21 May 2018 22:04:00 root         INFO     My Old Dutch
Mon, 21 May 2018 22:04:03 root         INFO     Sidmouth Park
Mon, 21 May 2018 22:04:06 root         INFO     Walthamsow Reservoirs
Mon, 21 May 2018 22:04:09 root         INFO     Old Ford Lock at Bow Wharf Canalside
Mon, 21 May 2018 22:04:12 root         INFO     Thames Baths Lido
Mon, 21 May 2018 22:04:16 root         INFO     Britain's Museum of Popular Music
Mon, 21 May 2018 22:04:19 root         INFO     Anerley Methodist Church
Mon, 21 May 2018 22:04:22 root         INFO     Windrush Square
Mon, 21 May 2018 22:04:25 root         INFO     St. Mark’s
Mon, 21 May 2018 22:04:28 root         INFO     Willesden Jewish Cemetery
Mon, 21 May 2018 22:04:32 root         INFO     Maryon Park
Mon, 21 May 2018 22:04:36 root         INFO     Heathrow Travel Information Centre
Mon, 21 May 2018 22:04:39 root         INFO     Partizan Brewing
Mon, 21 May 2018 22:04:42 root         INFO     Statue of John Wesley
Mon, 21 May 2018 22:04:45 root         INFO     King's Cross Methodist Church
Mon, 21 May 2018 22:04:49 root         INFO     Bomber Harris Memorial
Mon, 21 May 2018 22:04:52 root         INFO     Knights Templar Column
Mon, 21 May 2018 22:04:55 root         INFO     Nine Elms Sunday Market
Mon, 21 May 2018 22:04:59 root         INFO     St Andrew's Gardens
Mon, 21 May 2018 22:05:03 root         INFO     Church of St. Botolph without Bishopsgate
Mon, 21 May 2018 22:05:06 root         INFO     Cortesi Gallery London
Mon, 21 May 2018 22:05:09 root         INFO     Tyburn Convent
Mon, 21 May 2018 22:05:13 root         INFO     Blackwall Tunnel
Mon, 21 May 2018 22:05:16 root         INFO     The Jubilee Greenway
Mon, 21 May 2018 22:05:19 root         INFO     Holborn Viaduct
Mon, 21 May 2018 22:05:23 root         INFO     Red Lion Square Gardens
Mon, 21 May 2018 22:05:26 root         INFO     The Museum of Wimbledon
Mon, 21 May 2018 22:05:29 root         INFO     Walpole cinema facade
Mon, 21 May 2018 22:05:32 root         INFO     Wembley Park
Mon, 21 May 2018 22:05:35 root         INFO     Holy Trinity Church
Mon, 21 May 2018 22:05:39 root         INFO     The Penny Panther
Mon, 21 May 2018 22:05:43 root         INFO     Jumping Jacks Play Cafe
Mon, 21 May 2018 22:05:46 root         INFO     FreeFit
Mon, 21 May 2018 22:05:49 root         INFO     St John's Wood Church
Mon, 21 May 2018 22:05:52 root         INFO     Putney Vale Cemetery
Mon, 21 May 2018 22:05:55 root         INFO     St. Mary's Church
Mon, 21 May 2018 22:05:58 root         INFO     St. Anne's Church, Limehouse
Mon, 21 May 2018 22:06:01 root         INFO     Cartwright Gardens
Mon, 21 May 2018 22:06:05 root         INFO     St Peter's Church
Mon, 21 May 2018 22:06:09 root         INFO     Corpus Christi Catholic Church
Mon, 21 May 2018 22:06:12 root         INFO     Emily Pankhurst Statue
Mon, 21 May 2018 22:06:15 root         INFO     Hampstead Food Market
Mon, 21 May 2018 22:06:18 root         INFO     The Sidings N21
Mon, 21 May 2018 22:06:24 root         INFO     St Stephen's Church
Mon, 21 May 2018 22:06:27 root         INFO     Middlesex Guildhall
Mon, 21 May 2018 22:06:30 root         INFO     Swiss Cottage Climbing Centre
Mon, 21 May 2018 22:06:33 root         INFO     Dana Centre
Mon, 21 May 2018 22:06:36 root         INFO     Eltham Parish Church
Mon, 21 May 2018 22:06:40 root         INFO     Whittington Park
Mon, 21 May 2018 22:06:43 root         INFO     Nederlandse Kerk
Mon, 21 May 2018 22:06:46 root         INFO     St Mary's Secret Garden
Mon, 21 May 2018 22:06:50 root         INFO     St. Augustine's Tower
Mon, 21 May 2018 22:06:53 root         INFO     St. Philip's Church
Mon, 21 May 2018 22:06:56 root         INFO     St Georges RC Cathedral
Mon, 21 May 2018 22:07:00 root         INFO     Russian National Tourist Office
Mon, 21 May 2018 22:07:03 root         INFO     Eltham Park South
Mon, 21 May 2018 22:07:06 root         INFO     Metropolitan Tabernacle Baptist Church at Elephant and Castle
Mon, 21 May 2018 22:07:09 root         INFO     Peasants' Revolt Plaque
Mon, 21 May 2018 22:07:12 root         INFO     Crosby Hall
Mon, 21 May 2018 22:07:15 root         INFO     Kensington Temple
Mon, 21 May 2018 22:07:18 root         INFO     St Katherine Cree
Mon, 21 May 2018 22:07:24 root         INFO     Church of Saint Anselm & Saint Cecilia
Mon, 21 May 2018 22:07:28 root         INFO     Church of St James the Less
Mon, 21 May 2018 22:07:31 root         INFO     Great Eastern Railway War Memorial
Mon, 21 May 2018 22:07:35 root         INFO     Resistance Gallery
Mon, 21 May 2018 22:07:38 root         INFO     The Dockers Sculpture
Mon, 21 May 2018 22:07:41 root         INFO     St Edmund, King and Martyr Church
Mon, 21 May 2018 22:07:45 root         INFO     O2 Shop
Mon, 21 May 2018 22:07:48 root         INFO     St George's Campden Hill
Mon, 21 May 2018 22:07:51 root         INFO     RHS Lindley Library
Mon, 21 May 2018 22:07:54 root         INFO     Lord Portal of Hungerford
Mon, 21 May 2018 22:07:58 root         INFO     Peckham Platform
Mon, 21 May 2018 22:08:01 root         INFO     Bramford Gardens
Mon, 21 May 2018 22:08:04 root         INFO     Wanstead Flats Playing Fields
Mon, 21 May 2018 22:08:07 root         INFO     Brockley and Ladywell Cemeteries
Mon, 21 May 2018 22:08:12 root         INFO     Hermitage Rooms at Somerset House
Mon, 21 May 2018 22:08:15 root         INFO     London Fo Guang Shan Temple
Mon, 21 May 2018 22:08:18 root         INFO     Speke Monument
Mon, 21 May 2018 22:08:22 root         INFO     Sir Hugh Myddelton Statue
Mon, 21 May 2018 22:08:26 root         INFO     Thames Galleries
Mon, 21 May 2018 22:08:30 root         INFO     Chelsea Affiliated Synagogue
Mon, 21 May 2018 22:08:33 root         INFO     London Underwriting Centre
Mon, 21 May 2018 22:08:36 root         INFO     Hamilton's
Mon, 21 May 2018 22:08:39 root         INFO     Studio Fusion Gallery
Mon, 21 May 2018 22:08:42 root         INFO     Pangolin London
Mon, 21 May 2018 22:08:45 root         INFO     St. Pius X Catholic Church
Mon, 21 May 2018 22:08:48 root         INFO     Streatham Ice and Leisure Centre
Mon, 21 May 2018 22:08:51 root         INFO     The Reel Poster Gallery
Mon, 21 May 2018 22:08:54 root         INFO     Rupert Cavendish
Mon, 21 May 2018 22:08:58 root         INFO     New Caledonian Market
Mon, 21 May 2018 22:09:02 root         INFO     Freightliners City Farm
Mon, 21 May 2018 22:09:05 root         INFO     Parson's Green Farmers' Market
Mon, 21 May 2018 22:09:08 root         INFO     Goethe Institute
Mon, 21 May 2018 22:09:11 root         INFO     Quantum Cloud (sculpture).
Mon, 21 May 2018 22:09:15 root         INFO     Finsbury Square
Mon, 21 May 2018 22:09:18 root         INFO     Sutton Junior Tennis Club
Mon, 21 May 2018 22:09:22 root         INFO     Prince Henry's Room
Mon, 21 May 2018 22:09:25 root         INFO     Dolphin Swimming Club
Mon, 21 May 2018 22:09:29 root         INFO     Aladdins
Mon, 21 May 2018 22:09:32 root         INFO     Grosvenor Prints
Mon, 21 May 2018 22:09:35 root         INFO     Storeys
Mon, 21 May 2018 22:09:38 root         INFO     Crofton Park Library
Mon, 21 May 2018 22:09:41 root         INFO     FA Premier League Hall of Fame
Mon, 21 May 2018 22:09:44 root         INFO     50 St James
Mon, 21 May 2018 22:09:47 root         INFO     Altab Ali Park
Mon, 21 May 2018 22:09:51 root         INFO     St Cuthbert’s Church
Mon, 21 May 2018 22:09:54 root         INFO     The View
Mon, 21 May 2018 22:09:57 root         INFO     Viscount Palmerston Statue
Mon, 21 May 2018 22:10:00 root         INFO     Royal Arsenal Farmers' Market
Mon, 21 May 2018 22:10:03 root         INFO     Sussex Gardens Open Space
Mon, 21 May 2018 22:10:07 root         INFO     Old Gloucester Street Garden
Mon, 21 May 2018 22:10:09 root         INFO     Lady Henry Somerset Memorial
Mon, 21 May 2018 22:10:12 root         INFO     Statue of John Stuart Mill
Mon, 21 May 2018 22:10:15 root         INFO     Sladmore Gallery
Mon, 21 May 2018 22:10:18 root         INFO     Ditton Park
Mon, 21 May 2018 22:10:21 root         INFO     High Street
Mon, 21 May 2018 22:10:24 root         INFO     Southeastern
Mon, 21 May 2018 22:10:27 root         INFO     Princes Arcade
Mon, 21 May 2018 22:10:30 root         INFO     Ridley Road Market
Mon, 21 May 2018 22:10:33 root         INFO     Lordship Recreation Ground
Mon, 21 May 2018 22:10:37 root         INFO     Museum of Soho
Mon, 21 May 2018 22:10:40 root         INFO     Fruit & Veg Fresh Smoothie
Mon, 21 May 2018 22:10:43 root         INFO     Abbott's Park
Mon, 21 May 2018 22:10:46 root         INFO     The Georgian Squares of London
Mon, 21 May 2018 22:10:49 root         INFO     East End gallery-hopping
Mon, 21 May 2018 22:10:52 root         INFO     The london stone
Mon, 21 May 2018 22:10:55 root         INFO     The hot box
Mon, 21 May 2018 22:10:58 root         INFO     Broad Street Cholera Pump
Mon, 21 May 2018 22:11:02 root         INFO     Sutcliffe Park
Mon, 21 May 2018 22:11:05 root         INFO     Sunnamusk
Mon, 21 May 2018 22:11:08 root         INFO     The Eltham Centre
Mon, 21 May 2018 22:11:11 root         INFO     Earls Court Exhibition Center
Mon, 21 May 2018 22:11:15 root         INFO     Southmere Park
Mon, 21 May 2018 22:11:18 root         INFO     Museum of Architecture
Mon, 21 May 2018 22:11:21 root         INFO     Euston Square Gardens
Mon, 21 May 2018 22:11:25 root         INFO     Chelsea Sports Centre
Mon, 21 May 2018 22:11:28 root         INFO     Whitfield Fine Art
Mon, 21 May 2018 22:11:31 root         INFO     Pancras Square Leisure Centre
Mon, 21 May 2018 22:11:34 root         INFO     Southeastern Railway
Mon, 21 May 2018 22:11:37 root         INFO     Crystal Palace National Sports Centre
Mon, 21 May 2018 22:11:41 root         INFO     East Ham Market Hall
Mon, 21 May 2018 22:11:44 root         INFO     Kinetica Museum
Mon, 21 May 2018 22:11:47 root         INFO     Toynbee Studios
Mon, 21 May 2018 22:11:50 root         INFO     Werner Gallery
Mon, 21 May 2018 22:11:54 root         INFO     Highbury Pool
Mon, 21 May 2018 22:11:57 root         INFO     Magda Danysz Gallery
Mon, 21 May 2018 22:12:00 root         INFO     Waterfront Leisure Centre
Mon, 21 May 2018 22:12:03 root         INFO     Ben Oakley Gallery
Mon, 21 May 2018 22:12:06 root         INFO     Westminster PT Academy
Mon, 21 May 2018 22:12:09 root         INFO     The Coronet
Mon, 21 May 2018 22:12:12 root         INFO     Queen Mother Sports Centre
Mon, 21 May 2018 22:12:16 root         INFO     Pirates Playhouse
Mon, 21 May 2018 22:12:20 root         INFO     Excess Baggage Company
Mon, 21 May 2018 22:12:24 root         INFO     Hornsey Town Hall Arts Centre
Mon, 21 May 2018 22:12:27 root         INFO     Jurassic Kingdom
Mon, 21 May 2018 22:12:31 root         INFO     Millicent Fawcett Statue
Mon, 21 May 2018 22:12:34 root         INFO     Camden High Street
Mon, 21 May 2018 22:12:37 root         INFO     Philip Mould & Co
Mon, 21 May 2018 22:12:40 root         INFO     Flowers Gallery
Mon, 21 May 2018 22:12:43 root         INFO     Swiss Cottage Farmers' Market
Mon, 21 May 2018 22:12:46 root         INFO     London Sri Mahalakshmi Temple
Mon, 21 May 2018 22:12:48 root         INFO     Sprueth Magers
Mon, 21 May 2018 22:12:51 root         INFO     Architectural Association School of Architecture
Mon, 21 May 2018 22:12:54 root         INFO     George Canning Statue
Mon, 21 May 2018 22:12:57 root         INFO     Bethnal Green Gardens
Mon, 21 May 2018 22:12:59 root         INFO     Bust of Jawaharlal Nehru
Mon, 21 May 2018 22:13:02 root         INFO     Statue of Samuel Johnson
Mon, 21 May 2018 22:13:05 root         INFO     Stairway to Heaven Memorial - Bethnal Green
Mon, 21 May 2018 22:13:08 root         INFO     Monumnet to William Forster
Mon, 21 May 2018 22:13:11 root         INFO     Monument to Charles Fryatt
Mon, 21 May 2018 22:13:14 root         INFO     William Pitt Statue in Hannover Square
Mon, 21 May 2018 22:13:17 root         INFO     Flaxman Gallery - UCL
Mon, 21 May 2018 22:13:20 root         INFO     Picasso's Place
Mon, 21 May 2018 22:13:23 root         INFO     The House Of Fine Art
Mon, 21 May 2018 22:13:25 root         INFO     Joseph Lister's monument
Mon, 21 May 2018 22:13:28 root         INFO     George Stuart White Equestrian Statue
Mon, 21 May 2018 22:13:30 root         INFO     Bomber Harris Statue
Mon, 21 May 2018 22:13:34 root         INFO     Statue of Hugh Dowding
Mon, 21 May 2018 22:13:36 root         INFO     General Sikorski statue - Portland Place
Mon, 21 May 2018 22:13:39 root         INFO     Whittington Stone Historic Marker
Mon, 21 May 2018 22:13:42 root         INFO     Euston War memorial
Mon, 21 May 2018 22:13:45 root         INFO     London Metropolitan Archives
Mon, 21 May 2018 22:13:48 root         INFO     London Self Defence Academy
Mon, 21 May 2018 22:13:51 root         INFO     St Mary's Rotherhithe
Mon, 21 May 2018 22:13:54 root         INFO     St Matthew's Bethnal Green
Mon, 21 May 2018 22:13:57 root         INFO     The Antique Breadboard Museum
Mon, 21 May 2018 22:14:00 root         INFO     The Sainsbury Theatre
Mon, 21 May 2018 22:14:03 root         INFO     The Carne Studio Theatre
Mon, 21 May 2018 22:14:06 root         INFO     Brick Brewery
Mon, 21 May 2018 22:14:09 root         INFO     Edward III's Manor House
Mon, 21 May 2018 22:14:12 root         INFO     Walton Fine Arts
Mon, 21 May 2018 22:14:16 root         INFO     P21 Gallery
Mon, 21 May 2018 22:14:19 root         INFO     Sir John McDougall Gardens
Mon, 21 May 2018 22:14:22 root         INFO     Italian State Tourist Office
Mon, 21 May 2018 22:14:24 root         INFO     Ordovas
Mon, 21 May 2018 22:14:27 root         INFO     Kallos Gallery
Mon, 21 May 2018 22:14:30 root         INFO     Coningsby Gallery
Mon, 21 May 2018 22:14:33 root         INFO     Robilant + Voena
Mon, 21 May 2018 22:14:35 root         INFO     Thomas Dane Gallery
Mon, 21 May 2018 22:14:38 root         INFO     York Watergate - Embankment
Mon, 21 May 2018 22:14:41 root         INFO     Guilford castle
Mon, 21 May 2018 22:14:44 root         INFO     Rokeby Gallery
Mon, 21 May 2018 22:14:47 root         INFO     John Nicholas Antiques
Mon, 21 May 2018 22:14:50 root         INFO     Inner London Crown Court
Mon, 21 May 2018 22:14:52 root         INFO     Manor House Gardens
Mon, 21 May 2018 22:14:56 root         INFO     The White Cube, Mason's Yard
Mon, 21 May 2018 22:14:59 root         INFO     BSMT Space
Mon, 21 May 2018 22:15:02 root         INFO     Roman Catholic Church of The English Martyrs
Mon, 21 May 2018 22:15:05 root         INFO     Albert Road Recreation Ground
Mon, 21 May 2018 22:15:08 root         INFO     St anne and St Agnes
Mon, 21 May 2018 22:15:11 root         INFO     Well Hung
Mon, 21 May 2018 22:15:14 root         INFO     Paddington Recreation Ground
Mon, 21 May 2018 22:15:16 root         INFO     Seasons Supper Club
Mon, 21 May 2018 22:15:20 root         INFO     John Madejski Garden
Mon, 21 May 2018 22:15:23 root         INFO     Queen Alexandra's House
Mon, 21 May 2018 22:15:27 root         INFO     Pelham Galleries
Mon, 21 May 2018 22:15:30 root         INFO     Robert K Burt Gallery
Mon, 21 May 2018 22:15:33 root         INFO     Fusion Table Tennis Club
Mon, 21 May 2018 22:15:36 root         INFO     Hackney Flea Market
Mon, 21 May 2018 22:15:39 root         INFO     Hayward Adventure Playground
Mon, 21 May 2018 22:15:42 root         INFO     Toffee Park Adventure Playground
Mon, 21 May 2018 22:15:45 root         INFO     Timbuktu Adventure Playground
Mon, 21 May 2018 22:15:48 root         INFO     Crumbles Castle Adventure Playground
Mon, 21 May 2018 22:15:51 root         INFO     Martin Luther King Adventure Playground
Mon, 21 May 2018 22:15:54 root         INFO     Lumpy Hill Adventure Playground
Mon, 21 May 2018 22:15:57 root         INFO     Royal College of Nursing Library
Mon, 21 May 2018 22:16:00 root         INFO     Adrian Alan Ltd
Mon, 21 May 2018 22:16:02 root         INFO     Chisenhale Gallery
Mon, 21 May 2018 22:16:05 root         INFO     Royal Armouries
Mon, 21 May 2018 22:16:08 root         INFO     Jord and Lib's Portfolio
Mon, 21 May 2018 22:16:11 root         INFO     Cheap Umrah Deals
Mon, 21 May 2018 22:16:13 root         INFO     Offie & Toffee
Mon, 21 May 2018 22:16:16 root         INFO     Staffords Gallery
Mon, 21 May 2018 22:16:19 root         INFO     Regent's Conferences & Events
Mon, 21 May 2018 22:16:22 root         INFO     V-Tennis
Mon, 21 May 2018 22:16:25 root         INFO     Gallery of Antique Costume and Textiles
Mon, 21 May 2018 22:16:27 root         INFO     Peekaboo Vintage
Mon, 21 May 2018 22:16:30 root         INFO     ISKCON South London
Mon, 21 May 2018 22:16:33 root         INFO     Running Club London - We Run
Mon, 21 May 2018 22:16:36 root         INFO     Palm Tree Gallery
Mon, 21 May 2018 22:16:39 root         INFO     Gerald Moore Gallery
Mon, 21 May 2018 22:16:41 root         INFO     Hagers Shul
Mon, 21 May 2018 22:16:44 root         INFO     Marie Wendy Jackson Gallery
Mon, 21 May 2018 22:16:47 root         INFO     TriSpace Gallery
Mon, 21 May 2018 22:16:50 root         INFO     Tempus Gallery
Mon, 21 May 2018 22:16:53 root         INFO     Brentford Market
Mon, 21 May 2018 22:16:55 root         INFO     Heartbreak Gallery - official gallery for Jack Vettriano
Mon, 21 May 2018 22:16:58 root         INFO     Carre d'artistes - Galerie d'art
Mon, 21 May 2018 22:17:01 root         INFO     Matts Gallery
Mon, 21 May 2018 22:17:04 root         INFO     Sweet Spot10
Mon, 21 May 2018 22:17:07 root         INFO     LGBT Heart
Mon, 21 May 2018 22:17:09 root         INFO     Clancys pub charlton
Mon, 21 May 2018 22:17:12 root         INFO     Golden Carousel Ltd
Mon, 21 May 2018 22:17:15 root         INFO     Anise Gallery
Mon, 21 May 2018 22:17:18 root         INFO     SW1 Gallery
Mon, 21 May 2018 22:17:21 root         INFO     Barakat Gallery
Mon, 21 May 2018 22:17:24 root         INFO     Carville Hall War Memorial Park
Mon, 21 May 2018 22:17:26 root         INFO     Rivington Place
Mon, 21 May 2018 22:17:30 root         INFO     Clermont Club
Mon, 21 May 2018 22:17:33 root         INFO     Judy Greenwood Antiques
Mon, 21 May 2018 22:17:36 root         INFO     Christopher Gibbs
Mon, 21 May 2018 22:17:39 root         INFO     Bac Opera
Mon, 21 May 2018 22:17:42 root         INFO     Hammer Sidi
Mon, 21 May 2018 22:17:45 root         INFO     The Blue Gallery
Mon, 21 May 2018 22:17:48 root         INFO     Cinch
Mon, 21 May 2018 22:17:51 root         INFO     Board X Snowboard Festival
Mon, 21 May 2018 22:17:53 root         INFO     Capital Helpline
Mon, 21 May 2018 22:17:56 root         INFO     Vanderbilt Racquet Club
Mon, 21 May 2018 22:17:59 root         INFO     Association Gallery
Mon, 21 May 2018 22:18:02 root         INFO     Plashet Zoo
Mon, 21 May 2018 22:18:05 root         INFO     Soviet Carpet & Art Galleries
Mon, 21 May 2018 22:18:07 root         INFO     Museum of Culinary History and Alimentation (MoCHA)
Mon, 21 May 2018 22:18:10 root         INFO     Dazzle
Mon, 21 May 2018 22:18:13 root         INFO     Bravura Creative Art Studio
Mon, 21 May 2018 22:18:17 root         INFO     Julian Simon Fine Art
Mon, 21 May 2018 22:18:19 root         INFO     Judith Clark Costume Gallery
Mon, 21 May 2018 22:18:22 root         INFO     Institute of International Visual Arts
Mon, 21 May 2018 22:18:25 root         INFO     Patricia Kleinman
Mon, 21 May 2018 22:18:28 root         INFO     Guidephone
Mon, 21 May 2018 22:18:31 root         INFO     Cabaret Mechanical Theatre
Mon, 21 May 2018 22:18:34 root         INFO     Lux Centre
Mon, 21 May 2018 22:18:36 root         INFO     Anthony d'Offay Gallery
