Fri, 18 May 2018 21:28:57 root         ERROR    Fail to aquire userid: site: Queen Mother Sports Centre
Fri, 18 May 2018 21:28:57 root         ERROR    Fail to aquire userid: site: Queen Mother Sports Centre
Fri, 18 May 2018 21:28:59 root         ERROR    Fail to aquire userid: site: Queen Mother Sports Centre
Fri, 18 May 2018 21:28:59 root         ERROR    Fail to aquire userid: site: Queen Mother Sports Centre
Fri, 18 May 2018 21:29:00 root         ERROR    Fail to aquire userid: site: Excess Baggage Company
Fri, 18 May 2018 21:29:00 root         ERROR    Fail to aquire userid: site: Excess Baggage Company
Fri, 18 May 2018 21:30:38 root         ERROR    Fail to aquire userid: site: Queen Mother Sports Centre
Fri, 18 May 2018 21:30:38 root         ERROR    Fail to aquire userid: site: Queen Mother Sports Centre
Fri, 18 May 2018 21:30:40 root         ERROR    Fail to aquire userid: site: Queen Mother Sports Centre
Fri, 18 May 2018 21:30:40 root         ERROR    Fail to aquire userid: site: Queen Mother Sports Centre
Fri, 18 May 2018 21:30:41 root         ERROR    Fail to aquire userid: site: Excess Baggage Company
Fri, 18 May 2018 21:30:41 root         ERROR    Fail to aquire userid: site: Excess Baggage Company
Fri, 18 May 2018 21:37:28 root         INFO     https://www.tripadvisor.com/Attraction_Review-g186338-d548740-Reviews-or10-Queen_Mother_Sports_Centre-London_England.html
Fri, 18 May 2018 21:37:28 root         WARNING  Fail to aquire userid: site: Queen Mother Sports Centre
Fri, 18 May 2018 21:37:28 root         WARNING  Fail to aquire userid: site: Queen Mother Sports Centre
Fri, 18 May 2018 21:37:30 root         INFO     https://www.tripadvisor.com/Attraction_Review-g186338-d548740-Reviews-or20-Queen_Mother_Sports_Centre-London_England.html
Fri, 18 May 2018 21:37:30 root         WARNING  Fail to aquire userid: site: Queen Mother Sports Centre
Fri, 18 May 2018 21:37:30 root         WARNING  Fail to aquire userid: site: Queen Mother Sports Centre
Fri, 18 May 2018 21:37:31 root         INFO     https://www.tripadvisor.com/Attraction_Review-g186338-d10352332-Reviews-or10-Excess_Baggage_Company-London_England.html
Fri, 18 May 2018 21:37:31 root         WARNING  Fail to aquire userid: site: Excess Baggage Company
Fri, 18 May 2018 21:37:31 root         WARNING  Fail to aquire userid: site: Excess Baggage Company
